This is pdfTeX, Version 3.14159265-2.6-1.40.16 (TeX Live 2015/Debian) (preloaded format=pdflatex 2016.11.15)  5 DEC 2016 18:41
entering extended mode
 restricted \write18 enabled.
 %&-line parsing enabled.
**main.tex
(./main.tex
LaTeX2e <2016/02/01>
Babel <3.9q> and hyphenation patterns for 4 language(s) loaded.
(/usr/share/texlive/texmf-dist/tex/latex/base/report.cls
Document Class: report 2014/09/29 v1.4h Standard LaTeX document class
(/usr/share/texlive/texmf-dist/tex/latex/base/size12.clo
File: size12.clo 2014/09/29 v1.4h Standard LaTeX file (size option)
)
\c@part=\count79
\c@chapter=\count80
\c@section=\count81
\c@subsection=\count82
\c@subsubsection=\count83
\c@paragraph=\count84
\c@subparagraph=\count85
\c@figure=\count86
\c@table=\count87
\abovecaptionskip=\skip41
\belowcaptionskip=\skip42
\bibindent=\dimen102
)
(/usr/share/texlive/texmf-dist/tex/latex/base/fontenc.sty
Package: fontenc 2005/09/27 v1.99g Standard LaTeX package
)
(/usr/share/texlive/texmf-dist/tex/latex/base/inputenc.sty
Package: inputenc 2015/03/17 v1.2c Input encoding file
\inpenc@prehook=\toks14
\inpenc@posthook=\toks15

(/usr/share/texlive/texmf-dist/tex/latex/base/utf8.def
File: utf8.def 2015/12/03 v1.1r UTF-8 support for inputenc
Now handling font encoding OML ...
... no UTF-8 mapping file for font encoding OML
Now handling font encoding T1 ...
... processing UTF-8 mapping file for font encoding T1

(/usr/share/texlive/texmf-dist/tex/latex/base/t1enc.dfu
File: t1enc.dfu 2015/12/03 v1.1r UTF-8 support for inputenc
   defining Unicode char U+00A0 (decimal 160)
   defining Unicode char U+00A1 (decimal 161)
   defining Unicode char U+00A3 (decimal 163)
   defining Unicode char U+00AB (decimal 171)
   defining Unicode char U+00AD (decimal 173)
   defining Unicode char U+00BB (decimal 187)
   defining Unicode char U+00BF (decimal 191)
   defining Unicode char U+00C0 (decimal 192)
   defining Unicode char U+00C1 (decimal 193)
   defining Unicode char U+00C2 (decimal 194)
   defining Unicode char U+00C3 (decimal 195)
   defining Unicode char U+00C4 (decimal 196)
   defining Unicode char U+00C5 (decimal 197)
   defining Unicode char U+00C6 (decimal 198)
   defining Unicode char U+00C7 (decimal 199)
   defining Unicode char U+00C8 (decimal 200)
   defining Unicode char U+00C9 (decimal 201)
   defining Unicode char U+00CA (decimal 202)
   defining Unicode char U+00CB (decimal 203)
   defining Unicode char U+00CC (decimal 204)
   defining Unicode char U+00CD (decimal 205)
   defining Unicode char U+00CE (decimal 206)
   defining Unicode char U+00CF (decimal 207)
   defining Unicode char U+00D0 (decimal 208)
   defining Unicode char U+00D1 (decimal 209)
   defining Unicode char U+00D2 (decimal 210)
   defining Unicode char U+00D3 (decimal 211)
   defining Unicode char U+00D4 (decimal 212)
   defining Unicode char U+00D5 (decimal 213)
   defining Unicode char U+00D6 (decimal 214)
   defining Unicode char U+00D8 (decimal 216)
   defining Unicode char U+00D9 (decimal 217)
   defining Unicode char U+00DA (decimal 218)
   defining Unicode char U+00DB (decimal 219)
   defining Unicode char U+00DC (decimal 220)
   defining Unicode char U+00DD (decimal 221)
   defining Unicode char U+00DE (decimal 222)
   defining Unicode char U+00DF (decimal 223)
   defining Unicode char U+00E0 (decimal 224)
   defining Unicode char U+00E1 (decimal 225)
   defining Unicode char U+00E2 (decimal 226)
   defining Unicode char U+00E3 (decimal 227)
   defining Unicode char U+00E4 (decimal 228)
   defining Unicode char U+00E5 (decimal 229)
   defining Unicode char U+00E6 (decimal 230)
   defining Unicode char U+00E7 (decimal 231)
   defining Unicode char U+00E8 (decimal 232)
   defining Unicode char U+00E9 (decimal 233)
   defining Unicode char U+00EA (decimal 234)
   defining Unicode char U+00EB (decimal 235)
   defining Unicode char U+00EC (decimal 236)
   defining Unicode char U+00ED (decimal 237)
   defining Unicode char U+00EE (decimal 238)
   defining Unicode char U+00EF (decimal 239)
   defining Unicode char U+00F0 (decimal 240)
   defining Unicode char U+00F1 (decimal 241)
   defining Unicode char U+00F2 (decimal 242)
   defining Unicode char U+00F3 (decimal 243)
   defining Unicode char U+00F4 (decimal 244)
   defining Unicode char U+00F5 (decimal 245)
   defining Unicode char U+00F6 (decimal 246)
   defining Unicode char U+00F8 (decimal 248)
   defining Unicode char U+00F9 (decimal 249)
   defining Unicode char U+00FA (decimal 250)
   defining Unicode char U+00FB (decimal 251)
   defining Unicode char U+00FC (decimal 252)
   defining Unicode char U+00FD (decimal 253)
   defining Unicode char U+00FE (decimal 254)
   defining Unicode char U+00FF (decimal 255)
   defining Unicode char U+0100 (decimal 256)
   defining Unicode char U+0101 (decimal 257)
   defining Unicode char U+0102 (decimal 258)
   defining Unicode char U+0103 (decimal 259)
   defining Unicode char U+0104 (decimal 260)
   defining Unicode char U+0105 (decimal 261)
   defining Unicode char U+0106 (decimal 262)
   defining Unicode char U+0107 (decimal 263)
   defining Unicode char U+0108 (decimal 264)
   defining Unicode char U+0109 (decimal 265)
   defining Unicode char U+010A (decimal 266)
   defining Unicode char U+010B (decimal 267)
   defining Unicode char U+010C (decimal 268)
   defining Unicode char U+010D (decimal 269)
   defining Unicode char U+010E (decimal 270)
   defining Unicode char U+010F (decimal 271)
   defining Unicode char U+0110 (decimal 272)
   defining Unicode char U+0111 (decimal 273)
   defining Unicode char U+0112 (decimal 274)
   defining Unicode char U+0113 (decimal 275)
   defining Unicode char U+0114 (decimal 276)
   defining Unicode char U+0115 (decimal 277)
   defining Unicode char U+0116 (decimal 278)
   defining Unicode char U+0117 (decimal 279)
   defining Unicode char U+0118 (decimal 280)
   defining Unicode char U+0119 (decimal 281)
   defining Unicode char U+011A (decimal 282)
   defining Unicode char U+011B (decimal 283)
   defining Unicode char U+011C (decimal 284)
   defining Unicode char U+011D (decimal 285)
   defining Unicode char U+011E (decimal 286)
   defining Unicode char U+011F (decimal 287)
   defining Unicode char U+0120 (decimal 288)
   defining Unicode char U+0121 (decimal 289)
   defining Unicode char U+0122 (decimal 290)
   defining Unicode char U+0123 (decimal 291)
   defining Unicode char U+0124 (decimal 292)
   defining Unicode char U+0125 (decimal 293)
   defining Unicode char U+0128 (decimal 296)
   defining Unicode char U+0129 (decimal 297)
   defining Unicode char U+012A (decimal 298)
   defining Unicode char U+012B (decimal 299)
   defining Unicode char U+012C (decimal 300)
   defining Unicode char U+012D (decimal 301)
   defining Unicode char U+012E (decimal 302)
   defining Unicode char U+012F (decimal 303)
   defining Unicode char U+0130 (decimal 304)
   defining Unicode char U+0131 (decimal 305)
   defining Unicode char U+0132 (decimal 306)
   defining Unicode char U+0133 (decimal 307)
   defining Unicode char U+0134 (decimal 308)
   defining Unicode char U+0135 (decimal 309)
   defining Unicode char U+0136 (decimal 310)
   defining Unicode char U+0137 (decimal 311)
   defining Unicode char U+0139 (decimal 313)
   defining Unicode char U+013A (decimal 314)
   defining Unicode char U+013B (decimal 315)
   defining Unicode char U+013C (decimal 316)
   defining Unicode char U+013D (decimal 317)
   defining Unicode char U+013E (decimal 318)
   defining Unicode char U+0141 (decimal 321)
   defining Unicode char U+0142 (decimal 322)
   defining Unicode char U+0143 (decimal 323)
   defining Unicode char U+0144 (decimal 324)
   defining Unicode char U+0145 (decimal 325)
   defining Unicode char U+0146 (decimal 326)
   defining Unicode char U+0147 (decimal 327)
   defining Unicode char U+0148 (decimal 328)
   defining Unicode char U+014A (decimal 330)
   defining Unicode char U+014B (decimal 331)
   defining Unicode char U+014C (decimal 332)
   defining Unicode char U+014D (decimal 333)
   defining Unicode char U+014E (decimal 334)
   defining Unicode char U+014F (decimal 335)
   defining Unicode char U+0150 (decimal 336)
   defining Unicode char U+0151 (decimal 337)
   defining Unicode char U+0152 (decimal 338)
   defining Unicode char U+0153 (decimal 339)
   defining Unicode char U+0154 (decimal 340)
   defining Unicode char U+0155 (decimal 341)
   defining Unicode char U+0156 (decimal 342)
   defining Unicode char U+0157 (decimal 343)
   defining Unicode char U+0158 (decimal 344)
   defining Unicode char U+0159 (decimal 345)
   defining Unicode char U+015A (decimal 346)
   defining Unicode char U+015B (decimal 347)
   defining Unicode char U+015C (decimal 348)
   defining Unicode char U+015D (decimal 349)
   defining Unicode char U+015E (decimal 350)
   defining Unicode char U+015F (decimal 351)
   defining Unicode char U+0160 (decimal 352)
   defining Unicode char U+0161 (decimal 353)
   defining Unicode char U+0162 (decimal 354)
   defining Unicode char U+0163 (decimal 355)
   defining Unicode char U+0164 (decimal 356)
   defining Unicode char U+0165 (decimal 357)
   defining Unicode char U+0168 (decimal 360)
   defining Unicode char U+0169 (decimal 361)
   defining Unicode char U+016A (decimal 362)
   defining Unicode char U+016B (decimal 363)
   defining Unicode char U+016C (decimal 364)
   defining Unicode char U+016D (decimal 365)
   defining Unicode char U+016E (decimal 366)
   defining Unicode char U+016F (decimal 367)
   defining Unicode char U+0170 (decimal 368)
   defining Unicode char U+0171 (decimal 369)
   defining Unicode char U+0172 (decimal 370)
   defining Unicode char U+0173 (decimal 371)
   defining Unicode char U+0174 (decimal 372)
   defining Unicode char U+0175 (decimal 373)
   defining Unicode char U+0176 (decimal 374)
   defining Unicode char U+0177 (decimal 375)
   defining Unicode char U+0178 (decimal 376)
   defining Unicode char U+0179 (decimal 377)
   defining Unicode char U+017A (decimal 378)
   defining Unicode char U+017B (decimal 379)
   defining Unicode char U+017C (decimal 380)
   defining Unicode char U+017D (decimal 381)
   defining Unicode char U+017E (decimal 382)
   defining Unicode char U+01CD (decimal 461)
   defining Unicode char U+01CE (decimal 462)
   defining Unicode char U+01CF (decimal 463)
   defining Unicode char U+01D0 (decimal 464)
   defining Unicode char U+01D1 (decimal 465)
   defining Unicode char U+01D2 (decimal 466)
   defining Unicode char U+01D3 (decimal 467)
   defining Unicode char U+01D4 (decimal 468)
   defining Unicode char U+01E2 (decimal 482)
   defining Unicode char U+01E3 (decimal 483)
   defining Unicode char U+01E6 (decimal 486)
   defining Unicode char U+01E7 (decimal 487)
   defining Unicode char U+01E8 (decimal 488)
   defining Unicode char U+01E9 (decimal 489)
   defining Unicode char U+01EA (decimal 490)
   defining Unicode char U+01EB (decimal 491)
   defining Unicode char U+01F0 (decimal 496)
   defining Unicode char U+01F4 (decimal 500)
   defining Unicode char U+01F5 (decimal 501)
   defining Unicode char U+0218 (decimal 536)
   defining Unicode char U+0219 (decimal 537)
   defining Unicode char U+021A (decimal 538)
   defining Unicode char U+021B (decimal 539)
   defining Unicode char U+01E02 (decimal 7682)
   defining Unicode char U+01E03 (decimal 7683)
   defining Unicode char U+200C (decimal 8204)
   defining Unicode char U+2013 (decimal 8211)
   defining Unicode char U+2014 (decimal 8212)
   defining Unicode char U+2018 (decimal 8216)
   defining Unicode char U+2019 (decimal 8217)
   defining Unicode char U+201A (decimal 8218)
   defining Unicode char U+201C (decimal 8220)
   defining Unicode char U+201D (decimal 8221)
   defining Unicode char U+201E (decimal 8222)
   defining Unicode char U+2030 (decimal 8240)
   defining Unicode char U+2031 (decimal 8241)
   defining Unicode char U+2039 (decimal 8249)
   defining Unicode char U+203A (decimal 8250)
   defining Unicode char U+2423 (decimal 9251)
)
Now handling font encoding OT1 ...
... processing UTF-8 mapping file for font encoding OT1

(/usr/share/texlive/texmf-dist/tex/latex/base/ot1enc.dfu
File: ot1enc.dfu 2015/12/03 v1.1r UTF-8 support for inputenc
   defining Unicode char U+00A0 (decimal 160)
   defining Unicode char U+00A1 (decimal 161)
   defining Unicode char U+00A3 (decimal 163)
   defining Unicode char U+00AD (decimal 173)
   defining Unicode char U+00B8 (decimal 184)
   defining Unicode char U+00BF (decimal 191)
   defining Unicode char U+00C5 (decimal 197)
   defining Unicode char U+00C6 (decimal 198)
   defining Unicode char U+00D8 (decimal 216)
   defining Unicode char U+00DF (decimal 223)
   defining Unicode char U+00E6 (decimal 230)
   defining Unicode char U+00EC (decimal 236)
   defining Unicode char U+00ED (decimal 237)
   defining Unicode char U+00EE (decimal 238)
   defining Unicode char U+00EF (decimal 239)
   defining Unicode char U+00F8 (decimal 248)
   defining Unicode char U+0131 (decimal 305)
   defining Unicode char U+0141 (decimal 321)
   defining Unicode char U+0142 (decimal 322)
   defining Unicode char U+0152 (decimal 338)
   defining Unicode char U+0153 (decimal 339)
   defining Unicode char U+0174 (decimal 372)
   defining Unicode char U+0175 (decimal 373)
   defining Unicode char U+0176 (decimal 374)
   defining Unicode char U+0177 (decimal 375)
   defining Unicode char U+0218 (decimal 536)
   defining Unicode char U+0219 (decimal 537)
   defining Unicode char U+021A (decimal 538)
   defining Unicode char U+021B (decimal 539)
   defining Unicode char U+2013 (decimal 8211)
   defining Unicode char U+2014 (decimal 8212)
   defining Unicode char U+2018 (decimal 8216)
   defining Unicode char U+2019 (decimal 8217)
   defining Unicode char U+201C (decimal 8220)
   defining Unicode char U+201D (decimal 8221)
)
Now handling font encoding OMS ...
... processing UTF-8 mapping file for font encoding OMS

(/usr/share/texlive/texmf-dist/tex/latex/base/omsenc.dfu
File: omsenc.dfu 2015/12/03 v1.1r UTF-8 support for inputenc
   defining Unicode char U+00A7 (decimal 167)
   defining Unicode char U+00B6 (decimal 182)
   defining Unicode char U+00B7 (decimal 183)
   defining Unicode char U+2020 (decimal 8224)
   defining Unicode char U+2021 (decimal 8225)
   defining Unicode char U+2022 (decimal 8226)
)
Now handling font encoding OMX ...
... no UTF-8 mapping file for font encoding OMX
Now handling font encoding U ...
... no UTF-8 mapping file for font encoding U
   defining Unicode char U+00A9 (decimal 169)
   defining Unicode char U+00AA (decimal 170)
   defining Unicode char U+00AE (decimal 174)
   defining Unicode char U+00BA (decimal 186)
   defining Unicode char U+02C6 (decimal 710)
   defining Unicode char U+02DC (decimal 732)
   defining Unicode char U+200C (decimal 8204)
   defining Unicode char U+2026 (decimal 8230)
   defining Unicode char U+2122 (decimal 8482)
   defining Unicode char U+2423 (decimal 9251)
))
(/usr/share/texlive/texmf-dist/tex/latex/base/textcomp.sty
Package: textcomp 2005/09/27 v1.99g Standard LaTeX package
Package textcomp Info: Sub-encoding information:
(textcomp)               5 = only ISO-Adobe without \textcurrency
(textcomp)               4 = 5 + \texteuro
(textcomp)               3 = 4 + \textohm
(textcomp)               2 = 3 + \textestimated + \textcurrency
(textcomp)               1 = TS1 - \textcircled - \t
(textcomp)               0 = TS1 (full)
(textcomp)             Font families with sub-encoding setting implement
(textcomp)             only a restricted character set as indicated.
(textcomp)             Family '?' is the default used for unknown fonts.
(textcomp)             See the documentation for details.
Package textcomp Info: Setting ? sub-encoding to TS1/1 on input line 79.

(/usr/share/texlive/texmf-dist/tex/latex/base/ts1enc.def
File: ts1enc.def 2001/06/05 v3.0e (jk/car/fm) Standard LaTeX file
Now handling font encoding TS1 ...
... processing UTF-8 mapping file for font encoding TS1

(/usr/share/texlive/texmf-dist/tex/latex/base/ts1enc.dfu
File: ts1enc.dfu 2015/12/03 v1.1r UTF-8 support for inputenc
   defining Unicode char U+00A2 (decimal 162)
   defining Unicode char U+00A3 (decimal 163)
   defining Unicode char U+00A4 (decimal 164)
   defining Unicode char U+00A5 (decimal 165)
   defining Unicode char U+00A6 (decimal 166)
   defining Unicode char U+00A7 (decimal 167)
   defining Unicode char U+00A8 (decimal 168)
   defining Unicode char U+00A9 (decimal 169)
   defining Unicode char U+00AA (decimal 170)
   defining Unicode char U+00AC (decimal 172)
   defining Unicode char U+00AE (decimal 174)
   defining Unicode char U+00AF (decimal 175)
   defining Unicode char U+00B0 (decimal 176)
   defining Unicode char U+00B1 (decimal 177)
   defining Unicode char U+00B2 (decimal 178)
   defining Unicode char U+00B3 (decimal 179)
   defining Unicode char U+00B4 (decimal 180)
   defining Unicode char U+00B5 (decimal 181)
   defining Unicode char U+00B6 (decimal 182)
   defining Unicode char U+00B7 (decimal 183)
   defining Unicode char U+00B9 (decimal 185)
   defining Unicode char U+00BA (decimal 186)
   defining Unicode char U+00BC (decimal 188)
   defining Unicode char U+00BD (decimal 189)
   defining Unicode char U+00BE (decimal 190)
   defining Unicode char U+00D7 (decimal 215)
   defining Unicode char U+00F7 (decimal 247)
   defining Unicode char U+0192 (decimal 402)
   defining Unicode char U+02C7 (decimal 711)
   defining Unicode char U+02D8 (decimal 728)
   defining Unicode char U+02DD (decimal 733)
   defining Unicode char U+0E3F (decimal 3647)
   defining Unicode char U+2016 (decimal 8214)
   defining Unicode char U+2020 (decimal 8224)
   defining Unicode char U+2021 (decimal 8225)
   defining Unicode char U+2022 (decimal 8226)
   defining Unicode char U+2030 (decimal 8240)
   defining Unicode char U+2031 (decimal 8241)
   defining Unicode char U+203B (decimal 8251)
   defining Unicode char U+203D (decimal 8253)
   defining Unicode char U+2044 (decimal 8260)
   defining Unicode char U+204E (decimal 8270)
   defining Unicode char U+2052 (decimal 8274)
   defining Unicode char U+20A1 (decimal 8353)
   defining Unicode char U+20A4 (decimal 8356)
   defining Unicode char U+20A6 (decimal 8358)
   defining Unicode char U+20A9 (decimal 8361)
   defining Unicode char U+20AB (decimal 8363)
   defining Unicode char U+20AC (decimal 8364)
   defining Unicode char U+20B1 (decimal 8369)
   defining Unicode char U+2103 (decimal 8451)
   defining Unicode char U+2116 (decimal 8470)
   defining Unicode char U+2117 (decimal 8471)
   defining Unicode char U+211E (decimal 8478)
   defining Unicode char U+2120 (decimal 8480)
   defining Unicode char U+2122 (decimal 8482)
   defining Unicode char U+2126 (decimal 8486)
   defining Unicode char U+2127 (decimal 8487)
   defining Unicode char U+212E (decimal 8494)
   defining Unicode char U+2190 (decimal 8592)
   defining Unicode char U+2191 (decimal 8593)
   defining Unicode char U+2192 (decimal 8594)
   defining Unicode char U+2193 (decimal 8595)
   defining Unicode char U+2329 (decimal 9001)
   defining Unicode char U+232A (decimal 9002)
   defining Unicode char U+2422 (decimal 9250)
   defining Unicode char U+25E6 (decimal 9702)
   defining Unicode char U+25EF (decimal 9711)
   defining Unicode char U+266A (decimal 9834)
))
LaTeX Info: Redefining \oldstylenums on input line 334.
Package textcomp Info: Setting cmr sub-encoding to TS1/0 on input line 349.
Package textcomp Info: Setting cmss sub-encoding to TS1/0 on input line 350.
Package textcomp Info: Setting cmtt sub-encoding to TS1/0 on input line 351.
Package textcomp Info: Setting cmvtt sub-encoding to TS1/0 on input line 352.
Package textcomp Info: Setting cmbr sub-encoding to TS1/0 on input line 353.
Package textcomp Info: Setting cmtl sub-encoding to TS1/0 on input line 354.
Package textcomp Info: Setting ccr sub-encoding to TS1/0 on input line 355.
Package textcomp Info: Setting ptm sub-encoding to TS1/4 on input line 356.
Package textcomp Info: Setting pcr sub-encoding to TS1/4 on input line 357.
Package textcomp Info: Setting phv sub-encoding to TS1/4 on input line 358.
Package textcomp Info: Setting ppl sub-encoding to TS1/3 on input line 359.
Package textcomp Info: Setting pag sub-encoding to TS1/4 on input line 360.
Package textcomp Info: Setting pbk sub-encoding to TS1/4 on input line 361.
Package textcomp Info: Setting pnc sub-encoding to TS1/4 on input line 362.
Package textcomp Info: Setting pzc sub-encoding to TS1/4 on input line 363.
Package textcomp Info: Setting bch sub-encoding to TS1/4 on input line 364.
Package textcomp Info: Setting put sub-encoding to TS1/5 on input line 365.
Package textcomp Info: Setting uag sub-encoding to TS1/5 on input line 366.
Package textcomp Info: Setting ugq sub-encoding to TS1/5 on input line 367.
Package textcomp Info: Setting ul8 sub-encoding to TS1/4 on input line 368.
Package textcomp Info: Setting ul9 sub-encoding to TS1/4 on input line 369.
Package textcomp Info: Setting augie sub-encoding to TS1/5 on input line 370.
Package textcomp Info: Setting dayrom sub-encoding to TS1/3 on input line 371.
Package textcomp Info: Setting dayroms sub-encoding to TS1/3 on input line 372.

Package textcomp Info: Setting pxr sub-encoding to TS1/0 on input line 373.
Package textcomp Info: Setting pxss sub-encoding to TS1/0 on input line 374.
Package textcomp Info: Setting pxtt sub-encoding to TS1/0 on input line 375.
Package textcomp Info: Setting txr sub-encoding to TS1/0 on input line 376.
Package textcomp Info: Setting txss sub-encoding to TS1/0 on input line 377.
Package textcomp Info: Setting txtt sub-encoding to TS1/0 on input line 378.
Package textcomp Info: Setting lmr sub-encoding to TS1/0 on input line 379.
Package textcomp Info: Setting lmdh sub-encoding to TS1/0 on input line 380.
Package textcomp Info: Setting lmss sub-encoding to TS1/0 on input line 381.
Package textcomp Info: Setting lmssq sub-encoding to TS1/0 on input line 382.
Package textcomp Info: Setting lmvtt sub-encoding to TS1/0 on input line 383.
Package textcomp Info: Setting lmtt sub-encoding to TS1/0 on input line 384.
Package textcomp Info: Setting qhv sub-encoding to TS1/0 on input line 385.
Package textcomp Info: Setting qag sub-encoding to TS1/0 on input line 386.
Package textcomp Info: Setting qbk sub-encoding to TS1/0 on input line 387.
Package textcomp Info: Setting qcr sub-encoding to TS1/0 on input line 388.
Package textcomp Info: Setting qcs sub-encoding to TS1/0 on input line 389.
Package textcomp Info: Setting qpl sub-encoding to TS1/0 on input line 390.
Package textcomp Info: Setting qtm sub-encoding to TS1/0 on input line 391.
Package textcomp Info: Setting qzc sub-encoding to TS1/0 on input line 392.
Package textcomp Info: Setting qhvc sub-encoding to TS1/0 on input line 393.
Package textcomp Info: Setting futs sub-encoding to TS1/4 on input line 394.
Package textcomp Info: Setting futx sub-encoding to TS1/4 on input line 395.
Package textcomp Info: Setting futj sub-encoding to TS1/4 on input line 396.
Package textcomp Info: Setting hlh sub-encoding to TS1/3 on input line 397.
Package textcomp Info: Setting hls sub-encoding to TS1/3 on input line 398.
Package textcomp Info: Setting hlst sub-encoding to TS1/3 on input line 399.
Package textcomp Info: Setting hlct sub-encoding to TS1/5 on input line 400.
Package textcomp Info: Setting hlx sub-encoding to TS1/5 on input line 401.
Package textcomp Info: Setting hlce sub-encoding to TS1/5 on input line 402.
Package textcomp Info: Setting hlcn sub-encoding to TS1/5 on input line 403.
Package textcomp Info: Setting hlcw sub-encoding to TS1/5 on input line 404.
Package textcomp Info: Setting hlcf sub-encoding to TS1/5 on input line 405.
Package textcomp Info: Setting pplx sub-encoding to TS1/3 on input line 406.
Package textcomp Info: Setting pplj sub-encoding to TS1/3 on input line 407.
Package textcomp Info: Setting ptmx sub-encoding to TS1/4 on input line 408.
Package textcomp Info: Setting ptmj sub-encoding to TS1/4 on input line 409.
)
(/usr/share/texlive/texmf-dist/tex/generic/babel/babel.sty
Package: babel 2016/02/24 3.9q The Babel package

(/usr/share/texlive/texmf-dist/tex/generic/babel-italian/italian.ldf
Language: italian 2015/03/26 v1.3n Italian support from the babel system

(/usr/share/texlive/texmf-dist/tex/generic/babel/babel.def
File: babel.def 2016/02/24 3.9q Babel common definitions
\babel@savecnt=\count88
\U@D=\dimen103
)
\it@lettering=\count89
\it@doublequoteactive=\count90
\it@ISOcompliance=\count91
))
(/usr/share/texlive/texmf-dist/tex/latex/etoolbox/etoolbox.sty
Package: etoolbox 2015/08/02 v2.2a e-TeX tools for LaTeX (JAW)
\etb@tempcnta=\count92
)
(/usr/share/texlive/texmf-dist/tex/latex/amsmath/amsmath.sty
Package: amsmath 2016/03/03 v2.15a AMS math features
\@mathmargin=\skip43

For additional information on amsmath, use the `?' option.
(/usr/share/texlive/texmf-dist/tex/latex/amsmath/amstext.sty
Package: amstext 2000/06/29 v2.01 AMS text

(/usr/share/texlive/texmf-dist/tex/latex/amsmath/amsgen.sty
File: amsgen.sty 1999/11/30 v2.0 generic functions
\@emptytoks=\toks16
\ex@=\dimen104
))
(/usr/share/texlive/texmf-dist/tex/latex/amsmath/amsbsy.sty
Package: amsbsy 1999/11/29 v1.2d Bold Symbols
\pmbraise@=\dimen105
)
(/usr/share/texlive/texmf-dist/tex/latex/amsmath/amsopn.sty
Package: amsopn 1999/12/14 v2.01 operator names
)
\inf@bad=\count93
LaTeX Info: Redefining \frac on input line 199.
\uproot@=\count94
\leftroot@=\count95
LaTeX Info: Redefining \overline on input line 297.
\classnum@=\count96
\DOTSCASE@=\count97
LaTeX Info: Redefining \ldots on input line 394.
LaTeX Info: Redefining \dots on input line 397.
LaTeX Info: Redefining \cdots on input line 518.
\Mathstrutbox@=\box26
\strutbox@=\box27
\big@size=\dimen106
LaTeX Font Info:    Redeclaring font encoding OML on input line 630.
LaTeX Font Info:    Redeclaring font encoding OMS on input line 631.
\macc@depth=\count98
\c@MaxMatrixCols=\count99
\dotsspace@=\muskip10
\c@parentequation=\count100
\dspbrk@lvl=\count101
\tag@help=\toks17
\row@=\count102
\column@=\count103
\maxfields@=\count104
\andhelp@=\toks18
\eqnshift@=\dimen107
\alignsep@=\dimen108
\tagshift@=\dimen109
\tagwidth@=\dimen110
\totwidth@=\dimen111
\lineht@=\dimen112
\@envbody=\toks19
\multlinegap=\skip44
\multlinetaggap=\skip45
\mathdisplay@stack=\toks20
LaTeX Info: Redefining \[ on input line 2735.
LaTeX Info: Redefining \] on input line 2736.
)
(/usr/share/texlive/texmf-dist/tex/latex/amsfonts/amsfonts.sty
Package: amsfonts 2013/01/14 v3.01 Basic AMSFonts support
\symAMSa=\mathgroup4
\symAMSb=\mathgroup5
LaTeX Font Info:    Overwriting math alphabet `\mathfrak' in version `bold'
(Font)                  U/euf/m/n --> U/euf/b/n on input line 106.
)
(/usr/share/texlive/texmf-dist/tex/latex/amsfonts/amssymb.sty
Package: amssymb 2013/01/14 v3.01 AMS font symbols
)
(/usr/share/texlive/texmf-dist/tex/latex/graphics/graphicx.sty
Package: graphicx 2014/10/28 v1.0g Enhanced LaTeX Graphics (DPC,SPQR)

(/usr/share/texlive/texmf-dist/tex/latex/graphics/keyval.sty
Package: keyval 2014/10/28 v1.15 key=value parser (DPC)
\KV@toks@=\toks21
)
(/usr/share/texlive/texmf-dist/tex/latex/graphics/graphics.sty
Package: graphics 2016/01/03 v1.0q Standard LaTeX Graphics (DPC,SPQR)

(/usr/share/texlive/texmf-dist/tex/latex/graphics/trig.sty
Package: trig 2016/01/03 v1.10 sin cos tan (DPC)
)
(/usr/share/texlive/texmf-dist/tex/latex/latexconfig/graphics.cfg
File: graphics.cfg 2010/04/23 v1.9 graphics configuration of TeX Live
)
Package graphics Info: Driver file: pdftex.def on input line 95.

(/usr/share/texlive/texmf-dist/tex/latex/pdftex-def/pdftex.def
File: pdftex.def 2011/05/27 v0.06d Graphics/color for pdfTeX

(/usr/share/texlive/texmf-dist/tex/generic/oberdiek/infwarerr.sty
Package: infwarerr 2010/04/08 v1.3 Providing info/warning/error messages (HO)
)
(/usr/share/texlive/texmf-dist/tex/generic/oberdiek/ltxcmds.sty
Package: ltxcmds 2011/11/09 v1.22 LaTeX kernel commands for general use (HO)
)
\Gread@gobject=\count105
))
\Gin@req@height=\dimen113
\Gin@req@width=\dimen114
)
(/usr/share/texlive/texmf-dist/tex/latex/biblatex/biblatex.sty
Package: biblatex 2016/03/03 v3.3 programmable bibliographies (PK/JW/AB)

(/usr/share/texlive/texmf-dist/tex/latex/biblatex/biblatex_.sty
Package: biblatex_ 2016/03/03 v3.3 programmable bibliographies (biber) (PK/JW/A
B)

(/usr/share/texlive/texmf-dist/tex/latex/oberdiek/kvoptions.sty
Package: kvoptions 2011/06/30 v3.11 Key value format for package options (HO)

(/usr/share/texlive/texmf-dist/tex/generic/oberdiek/kvsetkeys.sty
Package: kvsetkeys 2012/04/25 v1.16 Key value parser (HO)

(/usr/share/texlive/texmf-dist/tex/generic/oberdiek/etexcmds.sty
Package: etexcmds 2011/02/16 v1.5 Avoid name clashes with e-TeX commands (HO)

(/usr/share/texlive/texmf-dist/tex/generic/oberdiek/ifluatex.sty
Package: ifluatex 2010/03/01 v1.3 Provides the ifluatex switch (HO)
Package ifluatex Info: LuaTeX not detected.
)
Package etexcmds Info: Could not find \expanded.
(etexcmds)             That can mean that you are not using pdfTeX 1.50 or
(etexcmds)             that some package has redefined \expanded.
(etexcmds)             In the latter case, load this package earlier.
)))
(/usr/share/texlive/texmf-dist/tex/latex/logreq/logreq.sty
Package: logreq 2010/08/04 v1.0 xml request logger
\lrq@indent=\count106

(/usr/share/texlive/texmf-dist/tex/latex/logreq/logreq.def
File: logreq.def 2010/08/04 v1.0 logreq spec v1.0
))
(/usr/share/texlive/texmf-dist/tex/latex/base/ifthen.sty
Package: ifthen 2014/09/29 v1.1c Standard LaTeX ifthen package (DPC)
)
(/usr/share/texlive/texmf-dist/tex/latex/url/url.sty
\Urlmuskip=\muskip11
Package: url 2013/09/16  ver 3.4  Verb mode for urls, etc.
)
\c@tabx@nest=\count107
\c@listtotal=\count108
\c@listcount=\count109
\c@liststart=\count110
\c@liststop=\count111
\c@citecount=\count112
\c@citetotal=\count113
\c@multicitecount=\count114
\c@multicitetotal=\count115
\c@instcount=\count116
\c@maxnames=\count117
\c@minnames=\count118
\c@maxitems=\count119
\c@minitems=\count120
\c@citecounter=\count121
\c@savedcitecounter=\count122
\c@uniquelist=\count123
\c@uniquename=\count124
\c@refsection=\count125
\c@refsegment=\count126
\c@maxextratitle=\count127
\c@maxextratitleyear=\count128
\c@maxextrayear=\count129
\c@maxextraalpha=\count130
\c@abbrvpenalty=\count131
\c@highnamepenalty=\count132
\c@lownamepenalty=\count133
\c@maxparens=\count134
\c@parenlevel=\count135
\blx@tempcnta=\count136
\blx@tempcntb=\count137
\blx@tempcntc=\count138
\blx@maxsection=\count139
\blx@maxsegment@0=\count140
\blx@notetype=\count141
\blx@parenlevel@text=\count142
\blx@parenlevel@foot=\count143
\blx@sectionciteorder@0=\count144
\labelnumberwidth=\skip46
\labelalphawidth=\skip47
\biblabelsep=\skip48
\bibitemsep=\skip49
\bibnamesep=\skip50
\bibinitsep=\skip51
\bibparsep=\skip52
\bibhang=\skip53
\blx@bcfin=\read1
\blx@bcfout=\write3
\c@mincomprange=\count145
\c@maxcomprange=\count146
\c@mincompwidth=\count147
Package biblatex Info: Trying to load biblatex default data model...
Package biblatex Info: ... file 'blx-dm.def' found.

(/usr/share/texlive/texmf-dist/tex/latex/biblatex/blx-dm.def)
Package biblatex Info: Trying to load biblatex style data model...
Package biblatex Info: ... file 'authoryear.dbx' not found.
Package biblatex Info: Trying to load biblatex custom data model...
Package biblatex Info: ... file 'biblatex-dm.cfg' not found.
\c@afterword=\count148
\c@savedafterword=\count149
\c@annotator=\count150
\c@savedannotator=\count151
\c@author=\count152
\c@savedauthor=\count153
\c@bookauthor=\count154
\c@savedbookauthor=\count155
\c@commentator=\count156
\c@savedcommentator=\count157
\c@editor=\count158
\c@savededitor=\count159
\c@editora=\count160
\c@savededitora=\count161
\c@editorb=\count162
\c@savededitorb=\count163
\c@editorc=\count164
\c@savededitorc=\count165
\c@foreword=\count166
\c@savedforeword=\count167
\c@holder=\count168
\c@savedholder=\count169
\c@introduction=\count170
\c@savedintroduction=\count171
\c@namea=\count172
\c@savednamea=\count173
\c@nameb=\count174
\c@savednameb=\count175
\c@namec=\count176
\c@savednamec=\count177
\c@translator=\count178
\c@savedtranslator=\count179
\c@shortauthor=\count180
\c@savedshortauthor=\count181
\c@shorteditor=\count182
\c@savedshorteditor=\count183
\c@labelname=\count184
\c@savedlabelname=\count185
\c@institution=\count186
\c@savedinstitution=\count187
\c@lista=\count188
\c@savedlista=\count189
\c@listb=\count190
\c@savedlistb=\count191
\c@listc=\count192
\c@savedlistc=\count193
\c@listd=\count194
\c@savedlistd=\count195
\c@liste=\count196
\c@savedliste=\count197
\c@listf=\count198
\c@savedlistf=\count199
\c@location=\count266
\c@savedlocation=\count267
\c@organization=\count268
\c@savedorganization=\count269
\c@origlocation=\count270
\c@savedoriglocation=\count271
\c@origpublisher=\count272
\c@savedorigpublisher=\count273
\c@publisher=\count274
\c@savedpublisher=\count275
\c@language=\count276
\c@savedlanguage=\count277
\c@pageref=\count278
\c@savedpageref=\count279
\shorthandwidth=\skip54
\shortjournalwidth=\skip55
\shortserieswidth=\skip56
\shorttitlewidth=\skip57
\shortauthorwidth=\skip58
\shorteditorwidth=\skip59
Package biblatex Info: Trying to load compatibility code...
Package biblatex Info: ... file 'blx-compat.def' found.

(/usr/share/texlive/texmf-dist/tex/latex/biblatex/blx-compat.def
File: blx-compat.def 2016/03/03 v3.3 biblatex compatibility (PK/JW/AB)
)
Package biblatex Info: Trying to load generic definitions...
Package biblatex Info: ... file 'biblatex_.def' found.

(/usr/share/texlive/texmf-dist/tex/latex/biblatex/biblatex_.def
File: biblatex_.def 
\c@textcitecount=\count280
\c@textcitetotal=\count281
\c@textcitemaxnames=\count282
\c@biburlnumpenalty=\count283
\c@biburlucpenalty=\count284
\c@biburllcpenalty=\count285
\c@smartand=\count286
)
Package biblatex Info: Trying to load natbib compatibility...
Package biblatex Info: ... file 'blx-natbib.def' found.

(/usr/share/texlive/texmf-dist/tex/latex/biblatex/blx-natbib.def
File: blx-natbib.def 2016/03/03 v3.3 biblatex compatibility (PK/JW/AB)
)
Package biblatex Info: Trying to load bibliography style 'authoryear'...
Package biblatex Info: ... file 'authoryear.bbx' found.

(/usr/share/texlive/texmf-dist/tex/latex/biblatex/bbx/authoryear.bbx
File: authoryear.bbx 2016/03/03 v3.3 biblatex bibliography style (PK/JW/AB)
Package biblatex Info: Trying to load bibliography style 'standard'...
Package biblatex Info: ... file 'standard.bbx' found.

(/usr/share/texlive/texmf-dist/tex/latex/biblatex/bbx/standard.bbx
File: standard.bbx 2016/03/03 v3.3 biblatex bibliography style (PK/JW/AB)
\c@bbx:relatedcount=\count287
\c@bbx:relatedtotal=\count288
))
Package biblatex Info: Trying to load citation style 'authoryear'...
Package biblatex Info: ... file 'authoryear.cbx' found.

(/usr/share/texlive/texmf-dist/tex/latex/biblatex/cbx/authoryear.cbx
File: authoryear.cbx 2016/03/03 v3.3 biblatex citation style (PK/JW/AB)
Package biblatex Info: Redefining '\cite'.
Package biblatex Info: Redefining '\parencite'.
Package biblatex Info: Redefining '\footcite'.
Package biblatex Info: Redefining '\footcitetext'.
Package biblatex Info: Redefining '\smartcite'.
Package biblatex Info: Redefining '\textcite'.
Package biblatex Info: Redefining '\textcites'.
)
Package biblatex Info: Trying to load configuration file...
Package biblatex Info: ... file 'biblatex.cfg' found.

(/usr/share/texlive/texmf-dist/tex/latex/biblatex/biblatex.cfg
File: biblatex.cfg 
)))
(/usr/share/texlive/texmf-dist/tex/latex/csquotes/csquotes.sty
Package: csquotes 2016/01/31 v5.1g context-sensitive quotations (JAW)
\csq@reset=\count289
\csq@gtype=\count290
\csq@glevel=\count291
\csq@qlevel=\count292
\csq@maxlvl=\count293
\csq@tshold=\count294
\csq@ltx@everypar=\toks22

(/usr/share/texlive/texmf-dist/tex/latex/csquotes/csquotes.def
File: csquotes.def 2016/01/31 v5.1g csquotes generic definitions (JAW)
)
Package csquotes Info: Trying to load configuration file 'csquotes.cfg'...
Package csquotes Info: ... configuration file loaded successfully.

(/usr/share/texlive/texmf-dist/tex/latex/csquotes/csquotes.cfg
File: csquotes.cfg 
))
(/usr/share/texlive/texmf-dist/tex/latex/hyperref/hyperref.sty
Package: hyperref 2012/11/06 v6.83m Hypertext links for LaTeX

(/usr/share/texlive/texmf-dist/tex/generic/oberdiek/hobsub-hyperref.sty
Package: hobsub-hyperref 2012/05/28 v1.13 Bundle oberdiek, subset hyperref (HO)


(/usr/share/texlive/texmf-dist/tex/generic/oberdiek/hobsub-generic.sty
Package: hobsub-generic 2012/05/28 v1.13 Bundle oberdiek, subset generic (HO)
Package: hobsub 2012/05/28 v1.13 Construct package bundles (HO)
Package hobsub Info: Skipping package `infwarerr' (already loaded).
Package hobsub Info: Skipping package `ltxcmds' (already loaded).
Package hobsub Info: Skipping package `ifluatex' (already loaded).
Package: ifvtex 2010/03/01 v1.5 Detect VTeX and its facilities (HO)
Package ifvtex Info: VTeX not detected.
Package: intcalc 2007/09/27 v1.1 Expandable calculations with integers (HO)
Package: ifpdf 2011/01/30 v2.3 Provides the ifpdf switch (HO)
Package ifpdf Info: pdfTeX in PDF mode is detected.
Package hobsub Info: Skipping package `etexcmds' (already loaded).
Package hobsub Info: Skipping package `kvsetkeys' (already loaded).
Package: kvdefinekeys 2011/04/07 v1.3 Define keys (HO)
Package: pdftexcmds 2011/11/29 v0.20 Utility functions of pdfTeX for LuaTeX (HO
)
Package pdftexcmds Info: LuaTeX not detected.
Package pdftexcmds Info: \pdf@primitive is available.
Package pdftexcmds Info: \pdf@ifprimitive is available.
Package pdftexcmds Info: \pdfdraftmode found.
Package: pdfescape 2011/11/25 v1.13 Implements pdfTeX's escape features (HO)
Package: bigintcalc 2012/04/08 v1.3 Expandable calculations on big integers (HO
)
Package: bitset 2011/01/30 v1.1 Handle bit-vector datatype (HO)
Package: uniquecounter 2011/01/30 v1.2 Provide unlimited unique counter (HO)
)
Package hobsub Info: Skipping package `hobsub' (already loaded).
Package: letltxmacro 2010/09/02 v1.4 Let assignment for LaTeX macros (HO)
Package: hopatch 2012/05/28 v1.2 Wrapper for package hooks (HO)
Package: xcolor-patch 2011/01/30 xcolor patch
Package: atveryend 2011/06/30 v1.8 Hooks at the very end of document (HO)
Package: atbegshi 2011/10/05 v1.16 At begin shipout hook (HO)
Package: refcount 2011/10/16 v3.4 Data extraction from label references (HO)
Package: hycolor 2011/01/30 v1.7 Color options for hyperref/bookmark (HO)
)
(/usr/share/texlive/texmf-dist/tex/generic/ifxetex/ifxetex.sty
Package: ifxetex 2010/09/12 v0.6 Provides ifxetex conditional
)
(/usr/share/texlive/texmf-dist/tex/latex/oberdiek/auxhook.sty
Package: auxhook 2011/03/04 v1.3 Hooks for auxiliary files (HO)
)
\@linkdim=\dimen115
\Hy@linkcounter=\count295
\Hy@pagecounter=\count296

(/usr/share/texlive/texmf-dist/tex/latex/hyperref/pd1enc.def
File: pd1enc.def 2012/11/06 v6.83m Hyperref: PDFDocEncoding definition (HO)
Now handling font encoding PD1 ...
... no UTF-8 mapping file for font encoding PD1
)
\Hy@SavedSpaceFactor=\count297

(/usr/share/texlive/texmf-dist/tex/latex/latexconfig/hyperref.cfg
File: hyperref.cfg 2002/06/06 v1.2 hyperref configuration of TeXLive
)
Package hyperref Info: Hyper figures OFF on input line 4443.
Package hyperref Info: Link nesting OFF on input line 4448.
Package hyperref Info: Hyper index ON on input line 4451.
Package hyperref Info: Plain pages OFF on input line 4458.
Package hyperref Info: Backreferencing OFF on input line 4463.
Package hyperref Info: Implicit mode ON; LaTeX internals redefined.
Package hyperref Info: Bookmarks ON on input line 4688.
\c@Hy@tempcnt=\count298
LaTeX Info: Redefining \url on input line 5041.
\XeTeXLinkMargin=\dimen116
\Fld@menulength=\count299
\Field@Width=\dimen117
\Fld@charsize=\dimen118
Package hyperref Info: Hyper figures OFF on input line 6295.
Package hyperref Info: Link nesting OFF on input line 6300.
Package hyperref Info: Hyper index ON on input line 6303.
Package hyperref Info: backreferencing OFF on input line 6310.
Package hyperref Info: Link coloring OFF on input line 6315.
Package hyperref Info: Link coloring with OCG OFF on input line 6320.
Package hyperref Info: PDF/A mode OFF on input line 6325.
LaTeX Info: Redefining \ref on input line 6365.
LaTeX Info: Redefining \pageref on input line 6369.
\Hy@abspage=\count300
\c@Item=\count301
\c@Hfootnote=\count302
)

Package hyperref Message: Driver (autodetected): hpdftex.

(/usr/share/texlive/texmf-dist/tex/latex/hyperref/hpdftex.def
File: hpdftex.def 2012/11/06 v6.83m Hyperref driver for pdfTeX
\Fld@listcount=\count303
\c@bookmark@seq@number=\count304

(/usr/share/texlive/texmf-dist/tex/latex/oberdiek/rerunfilecheck.sty
Package: rerunfilecheck 2011/04/15 v1.7 Rerun checks for auxiliary files (HO)
Package uniquecounter Info: New unique counter `rerunfilecheck' on input line 2
82.
)
\Hy@SectionHShift=\skip60
)
(/usr/share/texlive/texmf-dist/tex/latex/subfigure/subfigure.sty
Package: subfigure 2002/03/15 v2.1.5 subfigure package
\subfigtopskip=\skip61
\subfigcapskip=\skip62
\subfigcaptopadj=\dimen119
\subfigbottomskip=\skip63
\subfigcapmargin=\dimen120
\subfiglabelskip=\skip64
\c@subfigure=\count305
\c@lofdepth=\count306
\c@subtable=\count307
\c@lotdepth=\count308

****************************************
* Local config file subfigure.cfg used *
****************************************
(/usr/share/texlive/texmf-dist/tex/latex/subfigure/subfigure.cfg)
\subfig@top=\skip65
\subfig@bottom=\skip66
)
(/usr/share/texlive/texmf-dist/tex/latex/fancyhdr/fancyhdr.sty
\fancy@headwidth=\skip67
\f@ncyO@elh=\skip68
\f@ncyO@erh=\skip69
\f@ncyO@olh=\skip70
\f@ncyO@orh=\skip71
\f@ncyO@elf=\skip72
\f@ncyO@erf=\skip73
\f@ncyO@olf=\skip74
\f@ncyO@orf=\skip75
)
(/usr/share/texlive/texmf-dist/tex/latex/frontespizio/frontespizio.sty
Package: frontespizio 2011/09/21 1.4a (Enrico Gregorio)

(/usr/share/texlive/texmf-dist/tex/latex/tools/afterpage.sty
Package: afterpage 2014/10/28 v1.08 After-Page Package (DPC)
\AP@output=\toks23
\AP@partial=\box28
\AP@footins=\box29
)
(/usr/share/texlive/texmf-dist/tex/latex/environ/environ.sty
Package: environ 2014/05/04 v0.3 A new way to define environments

(/usr/share/texlive/texmf-dist/tex/latex/trimspaces/trimspaces.sty
Package: trimspaces 2009/09/17 v1.1 Trim spaces around a token list
))
\front@out=\write4
\openout4 = `main-frn.tex'.

)
Package biblatex Info: Trying to load language 'italian'...
Package biblatex Info: ... file 'italian.lbx' found.

(/usr/share/texlive/texmf-dist/tex/latex/biblatex/lbx/italian.lbx
File: italian.lbx 2016/03/03 v3.3 biblatex localization (PK/JW/AB)
)
Package csquotes Info: Checking for multilingual support...
Package csquotes Info: ... found 'babel' package.
Package csquotes Info: Adjusting default style.
Package csquotes Info: Redefining alias 'default' -> 'italian'.
 (./main.aux
(./abstract.aux) (./introduzione.aux) (./2_polvere.aux) (./3_spdust.aux)
(./conclusione.aux))
\openout1 = `main.aux'.

LaTeX Font Info:    Checking defaults for OML/cmm/m/it on input line 40.
LaTeX Font Info:    ... okay on input line 40.
LaTeX Font Info:    Checking defaults for T1/cmr/m/n on input line 40.
LaTeX Font Info:    ... okay on input line 40.
LaTeX Font Info:    Checking defaults for OT1/cmr/m/n on input line 40.
LaTeX Font Info:    ... okay on input line 40.
LaTeX Font Info:    Checking defaults for OMS/cmsy/m/n on input line 40.
LaTeX Font Info:    ... okay on input line 40.
LaTeX Font Info:    Checking defaults for OMX/cmex/m/n on input line 40.
LaTeX Font Info:    ... okay on input line 40.
LaTeX Font Info:    Checking defaults for U/cmr/m/n on input line 40.
LaTeX Font Info:    ... okay on input line 40.
LaTeX Font Info:    Checking defaults for TS1/cmr/m/n on input line 40.
LaTeX Font Info:    Try loading font information for TS1+cmr on input line 40.
 (/usr/share/texlive/texmf-dist/tex/latex/base/ts1cmr.fd
File: ts1cmr.fd 2014/09/29 v2.5h Standard LaTeX font definitions
)
LaTeX Font Info:    ... okay on input line 40.
LaTeX Font Info:    Checking defaults for PD1/pdf/m/n on input line 40.
LaTeX Font Info:    ... okay on input line 40.
LaTeX Info: Redefining \it@ocap on input line 40.
LaTeX Info: Redefining \it@ccap on input line 40.


File italian.ldf warning: 
italian.ldf    With OT1 encoding guillemets are poorly faked
italian.ldf    Use T1 encoding
italian.ldf    or specify a font with command \CaporaliFrom
italian.ldf    See the documentation concerning the babel-italian typesetting 
italian.ldf    on input line 40.

(/usr/share/texlive/texmf-dist/tex/context/base/supp-pdf.mkii
[Loading MPS to PDF converter (version 2006.09.02).]
\scratchcounter=\count309
\scratchdimen=\dimen121
\scratchbox=\box30
\nofMPsegments=\count310
\nofMParguments=\count311
\everyMPshowfont=\toks24
\MPscratchCnt=\count312
\MPscratchDim=\dimen122
\MPnumerator=\count313
\makeMPintoPDFobject=\count314
\everyMPtoPDFconversion=\toks25
) (/usr/share/texlive/texmf-dist/tex/latex/oberdiek/epstopdf-base.sty
Package: epstopdf-base 2010/02/09 v2.5 Base part for package epstopdf

(/usr/share/texlive/texmf-dist/tex/latex/oberdiek/grfext.sty
Package: grfext 2010/08/19 v1.1 Manage graphics extensions (HO)
)
Package grfext Info: Graphics extension search list:
(grfext)             [.png,.pdf,.jpg,.mps,.jpeg,.jbig2,.jb2,.PNG,.PDF,.JPG,.JPE
G,.JBIG2,.JB2,.eps]
(grfext)             \AppendGraphicsExtensions on input line 452.

(/usr/share/texlive/texmf-dist/tex/latex/latexconfig/epstopdf-sys.cfg
File: epstopdf-sys.cfg 2010/07/13 v1.3 Configuration of (r)epstopdf for TeX Liv
e
))
Package biblatex Info: Input encoding 'utf8' detected.
Package biblatex Info: Automatic encoding selection.
(biblatex)             Assuming data encoding 'utf8'.
\openout3 = `main.bcf'.

Package biblatex Info: Trying to load bibliographic data...
Package biblatex Info: ... file 'main.bbl' found.

(./main.bbl)
Package biblatex Info: Reference section=0 on input line 40.
Package biblatex Info: Reference segment=0 on input line 40.
\AtBeginShipoutBox=\box31
Package hyperref Info: Link coloring OFF on input line 40.
 (/usr/share/texlive/texmf-dist/tex/latex/hyperref/nameref.sty
Package: nameref 2012/10/27 v2.43 Cross-referencing by name of section

(/usr/share/texlive/texmf-dist/tex/generic/oberdiek/gettitlestring.sty
Package: gettitlestring 2010/12/03 v1.4 Cleanup title references (HO)
)
\c@section@level=\count315
)
LaTeX Info: Redefining \ref on input line 40.
LaTeX Info: Redefining \pageref on input line 40.
LaTeX Info: Redefining \nameref on input line 40.

(./main.out) (./main.out)
\@outlinefile=\write5
\openout5 = `main.out'.

 <main-frn.pdf, id=124, 597.50829pt x 845.0471pt>
File: main-frn.pdf Graphic file (type pdf)

<use main-frn.pdf>
Package pdftex.def Info: main-frn.pdf used on input line 43.
(pdftex.def)             Requested size: 597.50682pt x 845.04504pt.
 [1

 <./main-frn.pdf{/var/lib/texmf/fonts/map/pdftex/updmap/pdftex.map}>]
\openout2 = `abstract.aux'.

 (./abstract.tex
LaTeX Font Info:    Try loading font information for U+msa on input line 8.

(/usr/share/texlive/texmf-dist/tex/latex/amsfonts/umsa.fd
File: umsa.fd 2013/01/14 v3.01 AMS symbols A
)
LaTeX Font Info:    Try loading font information for U+msb on input line 8.

(/usr/share/texlive/texmf-dist/tex/latex/amsfonts/umsb.fd
File: umsb.fd 2013/01/14 v3.01 AMS symbols B
)pdfTeX warning (ext4): destination with the same identifier (name{page.1}) has
 been already used, duplicate ignored
<to be read again> 
                   \relax 
l.11 
      [1

] [2]) (./main.toc

LaTeX Font Warning: Font shape `OT1/cmr/bx/sc' undefined
(Font)              using `OT1/cmr/bx/n' instead on input line 43.

[3


])
\tf@toc=\write6
\openout6 = `main.toc'.

 [4]
\openout2 = `introduzione.aux'.

 (./introduzione.tex
Capitolo 1.
[5


] <immagini/COBE2.png, id=241, 1750.54pt x 1053.9375pt>
File: immagini/COBE2.png Graphic file (type png)

<use immagini/COBE2.png>
Package pdftex.def Info: immagini/COBE2.png used on input line 21.
(pdftex.def)             Requested size: 390.0pt x 234.79385pt.

Underfull \vbox (badness 4752) has occurred while \output is active []

 [6]
Package epstopdf Info: Source file: <immagini/Planck.eps>
(epstopdf)                    date: 2016-11-22 14:43:47
(epstopdf)                    size: 149959 bytes
(epstopdf)             Output file: <immagini/Planck-eps-converted-to.pdf>
(epstopdf)                    date: 2016-11-22 14:57:57
(epstopdf)                    size: 41409 bytes
(epstopdf)             Command: <repstopdf --outfile=immagini/Planck-eps-conver
ted-to.pdf immagini/Planck.eps>
(epstopdf)             \includegraphics on input line 32.
Package epstopdf Info: Output file is already uptodate.

<immagini/Planck-eps-converted-to.pdf, id=255, 244.915pt x 182.6825pt>
File: immagini/Planck-eps-converted-to.pdf Graphic file (type pdf)

<use immagini/Planck-eps-converted-to.pdf>
Package pdftex.def Info: immagini/Planck-eps-converted-to.pdf used on input lin
e 32.
(pdftex.def)             Requested size: 272.99881pt x 203.63571pt.
) [7 <./immagini/COBE2.png>] [8 <./immagini/Planck-eps-converted-to.pdf>]
\openout2 = `2_polvere.aux'.

 (./2_polvere.tex
Capitolo 2.
[9



]
Package epstopdf Info: Source file: <seaton/seat.eps>
(epstopdf)                    date: 2016-12-05 17:20:01
(epstopdf)                    size: 21663 bytes
(epstopdf)             Output file: <seaton/seat-eps-converted-to.pdf>
(epstopdf)                    date: 2016-12-05 18:08:38
(epstopdf)                    size: 11522 bytes
(epstopdf)             Command: <repstopdf --outfile=seaton/seat-eps-converted-
to.pdf seaton/seat.eps>
(epstopdf)             \includegraphics on input line 34.
Package epstopdf Info: Output file is already uptodate.
 <seaton/seat-eps-converted-to.pdf, id=291, 287.0725pt x 229.85875pt>
File: seaton/seat-eps-converted-to.pdf Graphic file (type pdf)

<use seaton/seat-eps-converted-to.pdf>
Package pdftex.def Info: seaton/seat-eps-converted-to.pdf used on input line 34
.
(pdftex.def)             Requested size: 287.0718pt x 229.85817pt.
 [10] [11 <./seaton/seat-eps-converted-to.pdf>]
Package epstopdf Info: Source file: <immagini/grain.eps>
(epstopdf)                    date: 2016-11-30 12:37:25
(epstopdf)                    size: 10571 bytes
(epstopdf)             Output file: <immagini/grain-eps-converted-to.pdf>
(epstopdf)                    date: 2016-11-30 12:38:18
(epstopdf)                    size: 6177 bytes
(epstopdf)             Command: <repstopdf --outfile=immagini/grain-eps-convert
ed-to.pdf immagini/grain.eps>
(epstopdf)             \includegraphics on input line 56.
Package epstopdf Info: Output file is already uptodate.
 <immagini/grain-eps-converted-to.pdf, id=319, 198.7425pt x 217.81375pt>
File: immagini/grain-eps-converted-to.pdf Graphic file (type pdf)

<use immagini/grain-eps-converted-to.pdf>
Package pdftex.def Info: immagini/grain-eps-converted-to.pdf used on input line
 56.
(pdftex.def)             Requested size: 117.00119pt x 128.23312pt.
 [12 <./immagini/grain-eps-converted-to.pdf>] [13]
Overfull \hbox (0.76207pt too wide) detected at line 113
[][][] \OT1/cmr/m/n/12 = \OML/cmm/m/it/12 D\OT1/cmr/m/n/12 (\OML/cmm/m/it/12 a\
OT1/cmr/m/n/12 ) + [] [][] \OML/cmm/m/it/12 F\OT1/cmr/m/n/12 (\OML/cmm/m/it/12 
a\OT1/cmr/m/n/12 ; \OML/cmm/m/it/12 ^^L; a[]\OT1/cmr/m/n/12 ) \OMS/cmsy/m/n/12 
^^B []
 []

[14]
Package epstopdf Info: Source file: <immagini/size.eps>
(epstopdf)                    date: 2016-11-30 13:00:23
(epstopdf)                    size: 37302 bytes
(epstopdf)             Output file: <immagini/size-eps-converted-to.pdf>
(epstopdf)                    date: 2016-11-30 13:00:53
(epstopdf)                    size: 13686 bytes
(epstopdf)             Command: <repstopdf --outfile=immagini/size-eps-converte
d-to.pdf immagini/size.eps>
(epstopdf)             \includegraphics on input line 130.
Package epstopdf Info: Output file is already uptodate.
 <immagini/size-eps-converted-to.pdf, id=375, 526.96875pt x 280.04625pt>
File: immagini/size-eps-converted-to.pdf Graphic file (type pdf)

<use immagini/size-eps-converted-to.pdf>
Package pdftex.def Info: immagini/size-eps-converted-to.pdf used on input line 
130.
(pdftex.def)             Requested size: 272.99881pt x 145.08646pt.

Underfull \vbox (badness 6188) has occurred while \output is active []

 [15 <./immagini/size-eps-converted-to.pdf>] [16] [17] [18] [19] [20] [21]

Package hyperref Warning: Token not allowed in a PDF string (PDFDocEncoding):
(hyperref)                removing `math shift' on input line 338.


Package hyperref Warning: Token not allowed in a PDF string (PDFDocEncoding):
(hyperref)                removing `subscript' on input line 338.


Package hyperref Warning: Token not allowed in a PDF string (PDFDocEncoding):
(hyperref)                removing `math shift' on input line 338.

) [22]
\openout2 = `3_spdust.aux'.

 (./3_spdust.tex
Capitolo 3.
[23



]
Package epstopdf Info: Source file: <immagini/proto.eps>
(epstopdf)                    date: 2016-11-28 16:04:29
(epstopdf)                    size: 29805 bytes
(epstopdf)             Output file: <immagini/proto-eps-converted-to.pdf>
(epstopdf)                    date: 2016-11-28 16:04:59
(epstopdf)                    size: 13929 bytes
(epstopdf)             Command: <repstopdf --outfile=immagini/proto-eps-convert
ed-to.pdf immagini/proto.eps>
(epstopdf)             \includegraphics on input line 23.
Package epstopdf Info: Output file is already uptodate.
 <immagini/proto-eps-converted-to.pdf, id=489, 429.605pt x 315.1775pt>
File: immagini/proto-eps-converted-to.pdf Graphic file (type pdf)

<use immagini/proto-eps-converted-to.pdf>
Package pdftex.def Info: immagini/proto-eps-converted-to.pdf used on input line
 23.
(pdftex.def)             Requested size: 350.99762pt x 257.50941pt.


LaTeX Warning: No positions in optional float specifier.
               Default added (so using `tbp') on input line 30.

[24 <./immagini/proto-eps-converted-to.pdf>]
<immagini/Barnard_33.jpg, id=504, 2007.5pt x 1003.75pt>
File: immagini/Barnard_33.jpg Graphic file (type jpg)

<use immagini/Barnard_33.jpg>
Package pdftex.def Info: immagini/Barnard_33.jpg used on input line 48.
(pdftex.def)             Requested size: 390.0pt x 194.98764pt.
Package epstopdf Info: Source file: <immagini/Ali.eps>
(epstopdf)                    date: 2016-12-01 12:35:01
(epstopdf)                    size: 41576 bytes
(epstopdf)             Output file: <immagini/Ali-eps-converted-to.pdf>
(epstopdf)                    date: 2016-12-01 12:51:44
(epstopdf)                    size: 10495 bytes
(epstopdf)             Command: <repstopdf --outfile=immagini/Ali-eps-converted
-to.pdf immagini/Ali.eps>
(epstopdf)             \includegraphics on input line 57.
Package epstopdf Info: Output file is already uptodate.

<immagini/Ali-eps-converted-to.pdf, id=510, 554.07pt x 239.89626pt>
File: immagini/Ali-eps-converted-to.pdf Graphic file (type pdf)

<use immagini/Ali-eps-converted-to.pdf>
Package pdftex.def Info: immagini/Ali-eps-converted-to.pdf used on input line 5
7.
(pdftex.def)             Requested size: 390.0pt x 168.85965pt.
Package epstopdf Info: Source file: <immagini/Ali2.eps>
(epstopdf)                    date: 2016-12-01 12:46:23
(epstopdf)                    size: 38775 bytes
(epstopdf)             Output file: <immagini/Ali2-eps-converted-to.pdf>
(epstopdf)                    date: 2016-12-01 12:51:44
(epstopdf)                    size: 10302 bytes
(epstopdf)             Command: <repstopdf --outfile=immagini/Ali2-eps-converte
d-to.pdf immagini/Ali2.eps>
(epstopdf)             \includegraphics on input line 63.
Package epstopdf Info: Output file is already uptodate.

<immagini/Ali2-eps-converted-to.pdf, id=513, 471.7625pt x 203.76125pt>
File: immagini/Ali2-eps-converted-to.pdf Graphic file (type pdf)

<use immagini/Ali2-eps-converted-to.pdf>
Package pdftex.def Info: immagini/Ali2-eps-converted-to.pdf used on input line 
63.
(pdftex.def)             Requested size: 390.0pt x 168.45021pt.
Package epstopdf Info: Source file: <immagini/dip.eps>
(epstopdf)                    date: 2016-12-01 21:02:11
(epstopdf)                    size: 28408 bytes
(epstopdf)             Output file: <immagini/dip-eps-converted-to.pdf>
(epstopdf)                    date: 2016-12-01 21:04:11
(epstopdf)                    size: 14261 bytes
(epstopdf)             Command: <repstopdf --outfile=immagini/dip-eps-converted
-to.pdf immagini/dip.eps>
(epstopdf)             \includegraphics on input line 81.
Package epstopdf Info: Output file is already uptodate.

<immagini/dip-eps-converted-to.pdf, id=517, 287.0725pt x 229.85875pt>
File: immagini/dip-eps-converted-to.pdf Graphic file (type pdf)

<use immagini/dip-eps-converted-to.pdf>
Package pdftex.def Info: immagini/dip-eps-converted-to.pdf used on input line 8
1.
(pdftex.def)             Requested size: 241.84842pt x 193.65172pt.
Package epstopdf Info: Source file: <immagini/v_dip.eps>
(epstopdf)                    date: 2016-12-01 21:02:11
(epstopdf)                    size: 26537 bytes
(epstopdf)             Output file: <immagini/v_dip-eps-converted-to.pdf>
(epstopdf)                    date: 2016-12-01 21:04:11
(epstopdf)                    size: 13260 bytes
(epstopdf)             Command: <repstopdf --outfile=immagini/v_dip-eps-convert
ed-to.pdf immagini/v_dip.eps>
(epstopdf)             \includegraphics on input line 81.
Package epstopdf Info: Output file is already uptodate.

<immagini/v_dip-eps-converted-to.pdf, id=518, 287.0725pt x 229.85875pt>
File: immagini/v_dip-eps-converted-to.pdf Graphic file (type pdf)

<use immagini/v_dip-eps-converted-to.pdf>
Package pdftex.def Info: immagini/v_dip-eps-converted-to.pdf used on input line
 81.
(pdftex.def)             Requested size: 241.84842pt x 193.65172pt.

Underfull \vbox (badness 10000) has occurred while \output is active []

 [25]
[26 <./immagini/Barnard_33.jpg> <./immagini/Ali-eps-converted-to.pdf>]
Underfull \vbox (badness 2197) has occurred while \output is active []

 [27 <./immagini/Ali2-eps-converted-to.pdf>] [28 <./immagini/dip-eps-converted-
to.pdf> <./immagini/v_dip-eps-converted-to.pdf>]
Package epstopdf Info: Source file: <immagini/chi2.eps>
(epstopdf)                    date: 2016-12-01 21:02:11
(epstopdf)                    size: 23769 bytes
(epstopdf)             Output file: <immagini/chi2-eps-converted-to.pdf>
(epstopdf)                    date: 2016-12-01 21:04:11
(epstopdf)                    size: 12537 bytes
(epstopdf)             Command: <repstopdf --outfile=immagini/chi2-eps-converte
d-to.pdf immagini/chi2.eps>
(epstopdf)             \includegraphics on input line 102.
Package epstopdf Info: Output file is already uptodate.

<immagini/chi2-eps-converted-to.pdf, id=566, 287.0725pt x 229.85875pt>
File: immagini/chi2-eps-converted-to.pdf Graphic file (type pdf)

<use immagini/chi2-eps-converted-to.pdf>
Package pdftex.def Info: immagini/chi2-eps-converted-to.pdf used on input line 
102.
(pdftex.def)             Requested size: 241.84842pt x 193.65172pt.
Package epstopdf Info: Source file: <immagini/v_chi2.eps>
(epstopdf)                    date: 2016-12-01 21:02:11
(epstopdf)                    size: 25305 bytes
(epstopdf)             Output file: <immagini/v_chi2-eps-converted-to.pdf>
(epstopdf)                    date: 2016-12-01 21:04:11
(epstopdf)                    size: 12041 bytes
(epstopdf)             Command: <repstopdf --outfile=immagini/v_chi2-eps-conver
ted-to.pdf immagini/v_chi2.eps>
(epstopdf)             \includegraphics on input line 102.
Package epstopdf Info: Output file is already uptodate.

<immagini/v_chi2-eps-converted-to.pdf, id=567, 287.0725pt x 229.85875pt>
File: immagini/v_chi2-eps-converted-to.pdf Graphic file (type pdf)

<use immagini/v_chi2-eps-converted-to.pdf>
Package pdftex.def Info: immagini/v_chi2-eps-converted-to.pdf used on input lin
e 102.
(pdftex.def)             Requested size: 241.84842pt x 193.65172pt.
Package epstopdf Info: Source file: <immagini/t.eps>
(epstopdf)                    date: 2016-12-01 21:02:11
(epstopdf)                    size: 17716 bytes
(epstopdf)             Output file: <immagini/t-eps-converted-to.pdf>
(epstopdf)                    date: 2016-12-01 21:04:12
(epstopdf)                    size: 11931 bytes
(epstopdf)             Command: <repstopdf --outfile=immagini/t-eps-converted-t
o.pdf immagini/t.eps>
(epstopdf)             \includegraphics on input line 120.
Package epstopdf Info: Output file is already uptodate.

<immagini/t-eps-converted-to.pdf, id=569, 287.0725pt x 229.85875pt>
File: immagini/t-eps-converted-to.pdf Graphic file (type pdf)

<use immagini/t-eps-converted-to.pdf>
Package pdftex.def Info: immagini/t-eps-converted-to.pdf used on input line 120
.
(pdftex.def)             Requested size: 241.84842pt x 193.65172pt.
Package epstopdf Info: Source file: <immagini/v_t.eps>
(epstopdf)                    date: 2016-12-01 21:02:11
(epstopdf)                    size: 20622 bytes
(epstopdf)             Output file: <immagini/v_t-eps-converted-to.pdf>
(epstopdf)                    date: 2016-12-01 21:04:12
(epstopdf)                    size: 11622 bytes
(epstopdf)             Command: <repstopdf --outfile=immagini/v_t-eps-converted
-to.pdf immagini/v_t.eps>
(epstopdf)             \includegraphics on input line 120.
Package epstopdf Info: Output file is already uptodate.

<immagini/v_t-eps-converted-to.pdf, id=570, 287.0725pt x 229.85875pt>
File: immagini/v_t-eps-converted-to.pdf Graphic file (type pdf)

<use immagini/v_t-eps-converted-to.pdf>
Package pdftex.def Info: immagini/v_t-eps-converted-to.pdf used on input line 1
20.
(pdftex.def)             Requested size: 241.84842pt x 193.65172pt.

Underfull \vbox (badness 6675) has occurred while \output is active []

 [29 <./immagini/chi2-eps-converted-to.pdf> <./immagini/v_chi2-eps-converted-to
.pdf>]

Package hyperref Warning: Token not allowed in a PDF string (PDFDocEncoding):
(hyperref)                removing `math shift' on input line 127.


Package hyperref Warning: Token not allowed in a PDF string (PDFDocEncoding):
(hyperref)                removing `subscript' on input line 127.


Package hyperref Warning: Token not allowed in a PDF string (PDFDocEncoding):
(hyperref)                removing `math shift' on input line 127.

Package epstopdf Info: Source file: <immagini/gamma.eps>
(epstopdf)                    date: 2016-12-01 21:02:11
(epstopdf)                    size: 24654 bytes
(epstopdf)             Output file: <immagini/gamma-eps-converted-to.pdf>
(epstopdf)                    date: 2016-12-01 21:04:12
(epstopdf)                    size: 11491 bytes
(epstopdf)             Command: <repstopdf --outfile=immagini/gamma-eps-convert
ed-to.pdf immagini/gamma.eps>
(epstopdf)             \includegraphics on input line 137.
Package epstopdf Info: Output file is already uptodate.
<immagini/gamma-eps-converted-to.pdf, id=589, 287.0725pt x 229.85875pt>
File: immagini/gamma-eps-converted-to.pdf Graphic file (type pdf)

<use immagini/gamma-eps-converted-to.pdf>
Package pdftex.def Info: immagini/gamma-eps-converted-to.pdf used on input line
 137.
(pdftex.def)             Requested size: 241.84842pt x 193.65172pt.
Package epstopdf Info: Source file: <immagini/v_gamma.eps>
(epstopdf)                    date: 2016-12-01 21:02:11
(epstopdf)                    size: 25819 bytes
(epstopdf)             Output file: <immagini/v_gamma-eps-converted-to.pdf>
(epstopdf)                    date: 2016-12-01 21:04:12
(epstopdf)                    size: 9717 bytes
(epstopdf)             Command: <repstopdf --outfile=immagini/v_gamma-eps-conve
rted-to.pdf immagini/v_gamma.eps>
(epstopdf)             \includegraphics on input line 137.
Package epstopdf Info: Output file is already uptodate.

<immagini/v_gamma-eps-converted-to.pdf, id=590, 287.0725pt x 229.85875pt>
File: immagini/v_gamma-eps-converted-to.pdf Graphic file (type pdf)

<use immagini/v_gamma-eps-converted-to.pdf>
Package pdftex.def Info: immagini/v_gamma-eps-converted-to.pdf used on input li
ne 137.
(pdftex.def)             Requested size: 241.84842pt x 193.65172pt.
 [30 <./immagini/t-eps-converted-to.pdf> <./immagini/v_t-eps-converted-to.pdf>]
Package epstopdf Info: Source file: <immagini/y.eps>
(epstopdf)                    date: 2016-12-01 21:02:11
(epstopdf)                    size: 25228 bytes
(epstopdf)             Output file: <immagini/y-eps-converted-to.pdf>
(epstopdf)                    date: 2016-12-01 21:04:12
(epstopdf)                    size: 11406 bytes
(epstopdf)             Command: <repstopdf --outfile=immagini/y-eps-converted-t
o.pdf immagini/y.eps>
(epstopdf)             \includegraphics on input line 154.
Package epstopdf Info: Output file is already uptodate.

<immagini/y-eps-converted-to.pdf, id=609, 287.0725pt x 229.85875pt>
File: immagini/y-eps-converted-to.pdf Graphic file (type pdf)

<use immagini/y-eps-converted-to.pdf>
Package pdftex.def Info: immagini/y-eps-converted-to.pdf used on input line 154
.
(pdftex.def)             Requested size: 241.84842pt x 193.65172pt.
Package epstopdf Info: Source file: <immagini/v_y.eps>
(epstopdf)                    date: 2016-12-01 21:02:11
(epstopdf)                    size: 18482 bytes
(epstopdf)             Output file: <immagini/v_y-eps-converted-to.pdf>
(epstopdf)                    date: 2016-12-01 21:04:12
(epstopdf)                    size: 8554 bytes
(epstopdf)             Command: <repstopdf --outfile=immagini/v_y-eps-converted
-to.pdf immagini/v_y.eps>
(epstopdf)             \includegraphics on input line 154.
Package epstopdf Info: Output file is already uptodate.

<immagini/v_y-eps-converted-to.pdf, id=610, 287.0725pt x 229.85875pt>
File: immagini/v_y-eps-converted-to.pdf Graphic file (type pdf)

<use immagini/v_y-eps-converted-to.pdf>
Package pdftex.def Info: immagini/v_y-eps-converted-to.pdf used on input line 1
54.
(pdftex.def)             Requested size: 241.84842pt x 193.65172pt.
Package epstopdf Info: Source file: <immagini/nh.eps>
(epstopdf)                    date: 2016-12-01 21:02:11
(epstopdf)                    size: 24977 bytes
(epstopdf)             Output file: <immagini/nh-eps-converted-to.pdf>
(epstopdf)                    date: 2016-12-01 21:04:12
(epstopdf)                    size: 13424 bytes
(epstopdf)             Command: <repstopdf --outfile=immagini/nh-eps-converted-
to.pdf immagini/nh.eps>
(epstopdf)             \includegraphics on input line 171.
Package epstopdf Info: Output file is already uptodate.

<immagini/nh-eps-converted-to.pdf, id=611, 287.0725pt x 229.85875pt>
File: immagini/nh-eps-converted-to.pdf Graphic file (type pdf)

<use immagini/nh-eps-converted-to.pdf>
Package pdftex.def Info: immagini/nh-eps-converted-to.pdf used on input line 17
1.
(pdftex.def)             Requested size: 241.84842pt x 193.65172pt.
Package epstopdf Info: Source file: <immagini/v_nh.eps>
(epstopdf)                    date: 2016-12-01 21:02:11
(epstopdf)                    size: 26717 bytes
(epstopdf)             Output file: <immagini/v_nh-eps-converted-to.pdf>
(epstopdf)                    date: 2016-12-01 21:04:13
(epstopdf)                    size: 13343 bytes
(epstopdf)             Command: <repstopdf --outfile=immagini/v_nh-eps-converte
d-to.pdf immagini/v_nh.eps>
(epstopdf)             \includegraphics on input line 171.
Package epstopdf Info: Output file is already uptodate.

<immagini/v_nh-eps-converted-to.pdf, id=612, 287.0725pt x 229.85875pt>
File: immagini/v_nh-eps-converted-to.pdf Graphic file (type pdf)

<use immagini/v_nh-eps-converted-to.pdf>
Package pdftex.def Info: immagini/v_nh-eps-converted-to.pdf used on input line 
171.
(pdftex.def)             Requested size: 241.84842pt x 193.65172pt.
 [31 <./immagini/gamma-eps-converted-to.pdf> <./immagini/v_gamma-eps-converted-
to.pdf>] [32 <./immagini/y-eps-converted-to.pdf> <./immagini/v_y-eps-converted-
to.pdf> <./immagini/nh-eps-converted-to.pdf> <./immagini/v_nh-eps-converted-to.
pdf>]
Package epstopdf Info: Source file: <immagini/xh.eps>
(epstopdf)                    date: 2016-12-01 21:02:11
(epstopdf)                    size: 22801 bytes
(epstopdf)             Output file: <immagini/xh-eps-converted-to.pdf>
(epstopdf)                    date: 2016-12-01 21:04:13
(epstopdf)                    size: 12989 bytes
(epstopdf)             Command: <repstopdf --outfile=immagini/xh-eps-converted-
to.pdf immagini/xh.eps>
(epstopdf)             \includegraphics on input line 191.
Package epstopdf Info: Output file is already uptodate.

<immagini/xh-eps-converted-to.pdf, id=663, 287.0725pt x 229.85875pt>
File: immagini/xh-eps-converted-to.pdf Graphic file (type pdf)

<use immagini/xh-eps-converted-to.pdf>
Package pdftex.def Info: immagini/xh-eps-converted-to.pdf used on input line 19
1.
(pdftex.def)             Requested size: 241.84842pt x 193.65172pt.
Package epstopdf Info: Source file: <immagini/v_xh.eps>
(epstopdf)                    date: 2016-12-01 21:02:11
(epstopdf)                    size: 24319 bytes
(epstopdf)             Output file: <immagini/v_xh-eps-converted-to.pdf>
(epstopdf)                    date: 2016-12-01 21:04:13
(epstopdf)                    size: 12328 bytes
(epstopdf)             Command: <repstopdf --outfile=immagini/v_xh-eps-converte
d-to.pdf immagini/v_xh.eps>
(epstopdf)             \includegraphics on input line 191.
Package epstopdf Info: Output file is already uptodate.

<immagini/v_xh-eps-converted-to.pdf, id=664, 287.0725pt x 229.85875pt>
File: immagini/v_xh-eps-converted-to.pdf Graphic file (type pdf)

<use immagini/v_xh-eps-converted-to.pdf>
Package pdftex.def Info: immagini/v_xh-eps-converted-to.pdf used on input line 
191.
(pdftex.def)             Requested size: 241.84842pt x 193.65172pt.
 [33 <./immagini/xh-eps-converted-to.pdf> <./immagini/v_xh-eps-converted-to.pdf
>]
Package epstopdf Info: Source file: <immagini/xclimit.eps>
(epstopdf)                    date: 2016-12-01 21:02:11
(epstopdf)                    size: 17970 bytes
(epstopdf)             Output file: <immagini/xclimit-eps-converted-to.pdf>
(epstopdf)                    date: 2016-12-01 21:04:13
(epstopdf)                    size: 9838 bytes
(epstopdf)             Command: <repstopdf --outfile=immagini/xclimit-eps-conve
rted-to.pdf immagini/xclimit.eps>
(epstopdf)             \includegraphics on input line 208.
Package epstopdf Info: Output file is already uptodate.

<immagini/xclimit-eps-converted-to.pdf, id=688, 287.0725pt x 229.85875pt>
File: immagini/xclimit-eps-converted-to.pdf Graphic file (type pdf)

<use immagini/xclimit-eps-converted-to.pdf>
Package pdftex.def Info: immagini/xclimit-eps-converted-to.pdf used on input li
ne 208.
(pdftex.def)             Requested size: 241.84842pt x 193.65172pt.
Package epstopdf Info: Source file: <immagini/v_xc.eps>
(epstopdf)                    date: 2016-12-01 21:02:11
(epstopdf)                    size: 19505 bytes
(epstopdf)             Output file: <immagini/v_xc-eps-converted-to.pdf>
(epstopdf)                    date: 2016-12-01 21:04:13
(epstopdf)                    size: 9347 bytes
(epstopdf)             Command: <repstopdf --outfile=immagini/v_xc-eps-converte
d-to.pdf immagini/v_xc.eps>
(epstopdf)             \includegraphics on input line 208.
Package epstopdf Info: Output file is already uptodate.

<immagini/v_xc-eps-converted-to.pdf, id=689, 287.0725pt x 229.85875pt>
File: immagini/v_xc-eps-converted-to.pdf Graphic file (type pdf)

<use immagini/v_xc-eps-converted-to.pdf>
Package pdftex.def Info: immagini/v_xc-eps-converted-to.pdf used on input line 
208.
(pdftex.def)             Requested size: 241.84842pt x 193.65172pt.
 [34 <./immagini/xclimit-eps-converted-to.pdf> <./immagini/v_xc-eps-converted-t
o.pdf>]
Package epstopdf Info: Source file: <immagini/xc_chi.eps>
(epstopdf)                    date: 2016-12-01 21:10:51
(epstopdf)                    size: 37536 bytes
(epstopdf)             Output file: <immagini/xc_chi-eps-converted-to.pdf>
(epstopdf)                    date: 2016-12-01 21:12:57
(epstopdf)                    size: 15990 bytes
(epstopdf)             Command: <repstopdf --outfile=immagini/xc_chi-eps-conver
ted-to.pdf immagini/xc_chi.eps>
(epstopdf)             \includegraphics on input line 226.
Package epstopdf Info: Output file is already uptodate.

<immagini/xc_chi-eps-converted-to.pdf, id=721, 287.0725pt x 229.85875pt>
File: immagini/xc_chi-eps-converted-to.pdf Graphic file (type pdf)

<use immagini/xc_chi-eps-converted-to.pdf>
Package pdftex.def Info: immagini/xc_chi-eps-converted-to.pdf used on input lin
e 226.
(pdftex.def)             Requested size: 272.99881pt x 218.59604pt.
Package epstopdf Info: Source file: <immagini/xc_nh.eps>
(epstopdf)                    date: 2016-12-01 21:10:51
(epstopdf)                    size: 36692 bytes
(epstopdf)             Output file: <immagini/xc_nh-eps-converted-to.pdf>
(epstopdf)                    date: 2016-12-01 21:12:57
(epstopdf)                    size: 16557 bytes
(epstopdf)             Command: <repstopdf --outfile=immagini/xc_nh-eps-convert
ed-to.pdf immagini/xc_nh.eps>
(epstopdf)             \includegraphics on input line 232.
Package epstopdf Info: Output file is already uptodate.

<immagini/xc_nh-eps-converted-to.pdf, id=722, 287.0725pt x 229.85875pt>
File: immagini/xc_nh-eps-converted-to.pdf Graphic file (type pdf)

<use immagini/xc_nh-eps-converted-to.pdf>
Package pdftex.def Info: immagini/xc_nh-eps-converted-to.pdf used on input line
 232.
(pdftex.def)             Requested size: 272.99881pt x 218.59604pt.
Package epstopdf Info: Source file: <immagini/xc_t.eps>
(epstopdf)                    date: 2016-12-01 21:10:51
(epstopdf)                    size: 36230 bytes
(epstopdf)             Output file: <immagini/xc_t-eps-converted-to.pdf>
(epstopdf)                    date: 2016-12-01 21:12:57
(epstopdf)                    size: 16618 bytes
(epstopdf)             Command: <repstopdf --outfile=immagini/xc_t-eps-converte
d-to.pdf immagini/xc_t.eps>
(epstopdf)             \includegraphics on input line 238.
Package epstopdf Info: Output file is already uptodate.

<immagini/xc_t-eps-converted-to.pdf, id=723, 287.0725pt x 229.85875pt>
File: immagini/xc_t-eps-converted-to.pdf Graphic file (type pdf)

<use immagini/xc_t-eps-converted-to.pdf>
Package pdftex.def Info: immagini/xc_t-eps-converted-to.pdf used on input line 
238.
(pdftex.def)             Requested size: 272.99881pt x 218.59604pt.
 [35] [36 <./immagini/xc_chi-eps-converted-to.pdf>] [37 <./immagini/xc_nh-eps-c
onverted-to.pdf> <./immagini/xc_t-eps-converted-to.pdf>]
Package epstopdf Info: Source file: <immagini/xc_CNM.eps>
(epstopdf)                    date: 2016-12-01 22:45:12
(epstopdf)                    size: 27815 bytes
(epstopdf)             Output file: <immagini/xc_CNM-eps-converted-to.pdf>
(epstopdf)                    date: 2016-12-01 23:08:37
(epstopdf)                    size: 13996 bytes
(epstopdf)             Command: <repstopdf --outfile=immagini/xc_CNM-eps-conver
ted-to.pdf immagini/xc_CNM.eps>
(epstopdf)             \includegraphics on input line 269.
Package epstopdf Info: Output file is already uptodate.

<immagini/xc_CNM-eps-converted-to.pdf, id=758, 287.0725pt x 229.85875pt>
File: immagini/xc_CNM-eps-converted-to.pdf Graphic file (type pdf)

<use immagini/xc_CNM-eps-converted-to.pdf>
Package pdftex.def Info: immagini/xc_CNM-eps-converted-to.pdf used on input lin
e 269.
(pdftex.def)             Requested size: 241.84842pt x 193.65172pt.
Package epstopdf Info: Source file: <immagini/xc_dark.eps>
(epstopdf)                    date: 2016-12-01 23:09:01
(epstopdf)                    size: 33612 bytes
(epstopdf)             Output file: <immagini/xc_dark-eps-converted-to.pdf>
(epstopdf)                    date: 2016-12-01 23:09:45
(epstopdf)                    size: 15204 bytes
(epstopdf)             Command: <repstopdf --outfile=immagini/xc_dark-eps-conve
rted-to.pdf immagini/xc_dark.eps>
(epstopdf)             \includegraphics on input line 269.
Package epstopdf Info: Output file is already uptodate.

<immagini/xc_dark-eps-converted-to.pdf, id=759, 287.0725pt x 229.85875pt>
File: immagini/xc_dark-eps-converted-to.pdf Graphic file (type pdf)

<use immagini/xc_dark-eps-converted-to.pdf>
Package pdftex.def Info: immagini/xc_dark-eps-converted-to.pdf used on input li
ne 269.
(pdftex.def)             Requested size: 241.84842pt x 193.65172pt.
) [38] [39 <./immagini/xc_CNM-eps-converted-to.pdf> <./immagini/xc_dark-eps-con
verted-to.pdf>]
\openout2 = `conclusione.aux'.

 (./conclusione.tex
[40



]
Capitolo 4.
) [41] [42


] [43]
Package atveryend Info: Empty hook `BeforeClearDocument' on input line 63.
 [44]
Package atveryend Info: Empty hook `AfterLastShipout' on input line 63.
 (./main.aux (./abstract.aux) (./introduzione.aux)
(./2_polvere.aux) (./3_spdust.aux) (./conclusione.aux))
Package atveryend Info: Executing hook `AtVeryEndDocument' on input line 63.
Package atveryend Info: Executing hook `AtEndAfterFileList' on input line 63.
Package rerunfilecheck Info: File `main.out' has not changed.
(rerunfilecheck)             Checksum: F315CAB41233ED2024A3D415DF3B8836;2363.


LaTeX Font Warning: Some font shapes were not available, defaults substituted.


Package biblatex Warning: Please rerun LaTeX.
(biblatex)                Page breaks have changed.

Package logreq Info: Writing requests to 'main.run.xml'.
\openout1 = `main.run.xml'.

 ) 
Here is how much of TeX's memory you used:
 14432 strings out of 494942
 226762 string characters out of 6180500
 663231 words of memory out of 5000000
 17237 multiletter control sequences out of 15000+600000
 16935 words of font info for 64 fonts, out of 8000000 for 9000
 14 hyphenation exceptions out of 8191
 44i,11n,53p,1395b,1388s stack positions out of 5000i,500n,10000p,200000b,80000s
</usr/share/texlive/texmf-dist/fonts/type1/public/amsfonts/cm/cmbx12.pfb></us
r/share/texlive/texmf-dist/fonts/type1/public/amsfonts/cm/cmbx8.pfb></usr/share
/texlive/texmf-dist/fonts/type1/public/amsfonts/cm/cmbx9.pfb></usr/share/texliv
e/texmf-dist/fonts/type1/public/amsfonts/cm/cmcsc10.pfb></usr/share/texlive/tex
mf-dist/fonts/type1/public/amsfonts/cm/cmex10.pfb></usr/share/texlive/texmf-dis
t/fonts/type1/public/amsfonts/cm/cmmi10.pfb></usr/share/texlive/texmf-dist/font
s/type1/public/amsfonts/cm/cmmi12.pfb></usr/share/texlive/texmf-dist/fonts/type
1/public/amsfonts/cm/cmmi6.pfb></usr/share/texlive/texmf-dist/fonts/type1/publi
c/amsfonts/cm/cmmi8.pfb></usr/share/texlive/texmf-dist/fonts/type1/public/amsfo
nts/cm/cmmib10.pfb></usr/share/texlive/texmf-dist/fonts/type1/public/amsfonts/c
mextra/cmmib8.pfb></usr/share/texlive/texmf-dist/fonts/type1/public/amsfonts/cm
/cmr10.pfb></usr/share/texlive/texmf-dist/fonts/type1/public/amsfonts/cm/cmr12.
pfb></usr/share/texlive/texmf-dist/fonts/type1/public/amsfonts/cm/cmr6.pfb></us
r/share/texlive/texmf-dist/fonts/type1/public/amsfonts/cm/cmr7.pfb></usr/share/
texlive/texmf-dist/fonts/type1/public/amsfonts/cm/cmr8.pfb></usr/share/texlive/
texmf-dist/fonts/type1/public/amsfonts/cm/cmsy10.pfb></usr/share/texlive/texmf-
dist/fonts/type1/public/amsfonts/cm/cmsy6.pfb></usr/share/texlive/texmf-dist/fo
nts/type1/public/amsfonts/cm/cmsy8.pfb></usr/share/texlive/texmf-dist/fonts/typ
e1/public/amsfonts/cm/cmti12.pfb></usr/share/texlive/texmf-dist/fonts/type1/pub
lic/amsfonts/cm/cmtt12.pfb></usr/share/texlive/texmf-dist/fonts/type1/public/am
sfonts/symbols/msam10.pfb></usr/share/texlive/texmf-dist/fonts/type1/public/ams
fonts/symbols/msbm10.pfb>
Output written on main.pdf (45 pages, 4327749 bytes).
PDF statistics:
 946 PDF objects out of 1000 (max. 8388607)
 794 compressed objects within 8 object streams
 198 named destinations out of 1000 (max. 500000)
 396 words of extra memory for PDF output out of 10000 (max. 10000000)

