;============================ SPDUST.2 ===============================
;
;    Rotational emission from a population of spinning dust grains,
;    as described by Ali-Haimoud, Hirata & Dickinson, 2009, MNRAS, 395, 1055
;    and in Silsbee, Ali-Haimoud & Hirata, 2010
;    for an environment with parameters given below. 
;
;    nH = 0.100000 cm^-3
;    T = 8000.0000 K
;    Chi = 1.0000000
;    xh = 0.990000
;    xC = 0.0010000000
;    mu(1E-7 cm) = 9.1909739 debye (this corresponds to beta = 0.38000000 debye)
;
;Diklike grains are assumed to be randomly 
;
;=====================================================================
;
;nu(GHz)       j_nu/nH(Jy sr-1 cm2/H)     
;
      0.50959197   1.1596490e-23
      0.52933149   1.2839875e-23
      0.54983563   1.4232734e-23
      0.57113402   1.5797538e-23
      0.59325742   1.7560143e-23
      0.61623779   1.9550407e-23
      0.64010833   2.1802893e-23
      0.66490352   2.4357733e-23
      0.69065916   2.7261603e-23
      0.71741248   3.0568905e-23
      0.74520212   3.4343107e-23
      0.77406820   3.8658371e-23
      0.80405245   4.3601404e-23
      0.83519816   4.9273704e-23
      0.86755033   5.5794172e-23
      0.90115569   6.3302219e-23
      0.93606278   7.1961373e-23
      0.97232204   8.1963654e-23
       1.0099858   9.3534625e-23
       1.0491086   1.0693937e-22
       1.0897467   1.2248955e-22
       1.1319591   1.4055176e-22
       1.1758066   1.6155730e-22
       1.2213525   1.8601374e-22
       1.2686627   2.1451855e-22
       1.3178055   2.4777516e-22
       1.3688519   2.8661166e-22
       1.4218757   3.3200354e-22
       1.4769534   3.8509969e-22
       1.5341645   4.4725359e-22
       1.5935918   5.2006022e-22
       1.6553210   6.0539946e-22
       1.7194414   7.0548699e-22
       1.7860455   8.2293548e-22
       1.8552297   9.6082613e-22
       1.9270937   1.1227922e-21
       2.0017414   1.3131197e-21
       2.0792807   1.5368646e-21
       2.1598236   1.7999920e-21
       2.2434863   2.1095384e-21
       2.3303898   2.4738078e-21
       2.4206596   2.9025985e-21
       2.5144261   3.4074716e-21
       2.6118247   4.0020697e-21
       2.7129962   4.7024882e-21
       2.8180866   5.5277152e-21
       2.9272477   6.5001623e-21
       3.0406374   7.6462625e-21
       3.1584193   8.9971892e-21
       3.2807635   1.0589712e-20
       3.4078469   1.2467182e-20
       3.5398530   1.4680703e-20
       3.6769725   1.7290488e-20
       3.8194034   2.0367447e-20
       3.9673515   2.3995038e-20
       4.1210305   2.8271459e-20
       4.2806624   3.3312105e-20
       4.4464778   3.9252477e-20
       4.6187162   4.6251492e-20
       4.7976264   5.4495340e-20
       4.9834669   6.4201763e-20
       5.1765061   7.5624895e-20
       5.3770228   8.9060886e-20
       5.5853067   1.0485383e-19
       5.8016587   1.2340258e-19
       6.0263913   1.4516788e-19
       6.2598291   1.7067993e-19
       6.5023094   2.0054568e-19
       6.7541823   2.3545694e-19
       7.0158118   2.7619712e-19
       7.2875757   3.2364728e-19
       7.5698666   3.7878868e-19
       7.8630924   4.4270593e-19
       8.1676765   5.1657896e-19
       8.4840590   6.0167930e-19
       8.8126968   6.9935053e-19
       9.1540647   8.1098135e-19
       9.5086558   9.3797635e-19
       9.8769823   1.0817112e-18
       10.259576   1.2434770e-18
       10.656990   1.4244123e-18
       11.069799   1.6254421e-18
       11.498598   1.8472107e-18
       11.944006   2.0899882e-18
       12.406668   2.3536658e-18
       12.887252   2.6376606e-18
       13.386452   2.9409399e-18
       13.904988   3.2620492e-18
       14.443611   3.5991634e-18
       15.003097   3.9501775e-18
       15.584256   4.3128706e-18
       16.187927   4.6850261e-18
       16.814981   5.0645934e-18
       17.466325   5.4496319e-18
       18.142899   5.8384564e-18
       18.845681   6.2293242e-18
       19.575685   6.6201853e-18
       20.333968   7.0084200e-18
       21.121623   7.3902269e-18
       21.939788   7.7604164e-18
       22.789646   8.1122342e-18
       23.672424   8.4373867e-18
       24.589397   8.7262818e-18
       25.541890   8.9685554e-18
       26.531278   9.1537633e-18
       27.558992   9.2718214e-18
       28.626515   9.3135871e-18
       29.735389   9.2712192e-18
       30.887217   9.1387093e-18
       32.083662   8.9126303e-18
       33.326452   8.5932635e-18
       34.617383   8.1854961e-18
       35.958319   7.6991057e-18
       37.351197   7.1482848e-18
       38.798030   6.5504159e-18
       40.300908   5.9246041e-18
       41.862000   5.2898848e-18
       43.483563   4.6639559e-18
       45.167939   4.0620193e-18
       46.917561   3.4960951e-18
       48.734956   2.9747823e-18
       50.622749   2.5034040e-18
       52.583668   2.0844303e-18
       54.620545   1.7179686e-18
       56.736322   1.4023301e-18
       58.934055   1.1345317e-18
       61.216920   9.1066087e-19
       63.588214   7.2616191e-19
       66.051362   5.7606758e-19
       68.609922   4.5523848e-19
       71.267591   3.5865135e-19
       74.028206   2.8171611e-19
       76.895757   2.2052318e-19
       79.874385   1.7193481e-19
       82.968393   1.3350953e-19
       86.182250   1.0332038e-19
       89.520598   7.9775787e-20
       92.988261   6.1515919e-20
       96.590247   4.7386250e-20
       100.33176   3.6443595e-20
       104.21820   2.7953481e-20
       108.25519   2.1363935e-20
       112.44855   1.6262532e-20
       116.80435   1.2332947e-20
       121.32888   9.3234093e-21
       126.02866   7.0296028e-21
       130.91050   5.2872242e-21
       135.98144   3.9670740e-21
       141.24880   2.9694247e-21
       146.72021   2.2176790e-21
       152.40355   1.6527755e-21
       158.30704   1.2291374e-21
       164.43921   9.1187800e-22
       170.80891   6.7463335e-22
       177.42535   4.9762101e-22
       184.29809   3.6595084e-22
       191.43704   2.6832206e-22
       198.85253   1.9613010e-22
       206.55527   1.4286546e-22
       214.55638   1.0365751e-22
       222.86742   7.4887343e-23
       231.50039   5.3861371e-23
       240.46777   3.8562159e-23
       249.78251   2.7475626e-23
       259.45807   1.9472298e-23
       269.50841   1.3718158e-23
       279.94807   9.6015035e-24
       290.79211   6.6737309e-24
       302.05621   4.6050089e-24
       313.75664   3.1529215e-24
       325.91029   2.1404615e-24
       338.53473   1.4395838e-24
       351.64818   9.5836608e-25
       365.26960   6.3105064e-25
       379.41865   4.1069013e-25
       394.11578   2.6395762e-25
       409.38222   1.6738546e-25
       425.24002   1.0461826e-25
       441.71208   6.4374790e-26
       458.82220   3.8952971e-26
       476.59510   2.3151620e-26
       495.05645   1.3499613e-26
       514.23292   7.7133343e-27
       534.15220   4.3125921e-27
       554.84308   2.3550082e-27
       576.33544   1.2528818e-27
       598.66032   6.4735416e-28
       621.84998   3.2376126e-28
       645.93791   1.5615387e-28
       670.95891   7.2318504e-29
       696.94912   3.1982395e-29
       723.94609   1.3418038e-29
       751.98880   5.2977926e-30
       781.11778   1.9519984e-30
       811.37510   6.6537395e-31
       842.80446   2.0645361e-31
       875.45127   5.8497358e-32
       909.36268   1.4761820e-32
       944.58768   3.2513997e-33
       981.17715       0.0000000
