;============================ SPDUST.2 ===============================
;
;    Rotational emission from a population of spinning dust grains,
;    as described by Ali-Haimoud, Hirata & Dickinson, 2009, MNRAS, 395, 1055
;    and in Silsbee, Ali-Haimoud & Hirata, 2010
;    for an environment with parameters given below. 
;
;    nH = 0.100000 cm^-3
;    T = 8000.0000 K
;    Chi = 1.0000000
;    xh = 0.990000
;    xC = 0.0010000000
;    mu(1E-7 cm) = 9.1909739 debye (this corresponds to beta = 0.38000000 debye)
;
;Diklike grains are assumed to be randomly 
;
;=====================================================================
;
;nu(GHz)       j_nu/nH(Jy sr-1 cm2/H)     
;
      0.50959197   1.1594474e-23
      0.52933149   1.2837708e-23
      0.54983563   1.4230418e-23
      0.57113402   1.5795077e-23
      0.59325742   1.7557541e-23
      0.61623779   1.9547667e-23
      0.64010833   2.1800018e-23
      0.66490352   2.4354730e-23
      0.69065916   2.7258479e-23
      0.71741248   3.0565672e-23
      0.74520212   3.4339780e-23
      0.77406820   3.8654966e-23
      0.80405245   4.3597949e-23
      0.83519816   4.9270232e-23
      0.86755033   5.5790716e-23
      0.90115569   6.3298837e-23
      0.93606278   7.1958130e-23
      0.97232204   8.1960630e-23
       1.0099858   9.3531916e-23
       1.0491086   1.0693710e-22
       1.0897467   1.2248785e-22
       1.1319591   1.4055081e-22
       1.1758066   1.6155732e-22
       1.2213525   1.8601497e-22
       1.2686627   2.1452129e-22
       1.3178055   2.4777976e-22
       1.3688519   2.8661855e-22
       1.4218757   3.3201322e-22
       1.4769534   3.8511273e-22
       1.5341645   4.4727068e-22
       1.5935918   5.2008218e-22
       1.6553210   6.0542723e-22
       1.7194414   7.0552167e-22
       1.7860455   8.2297840e-22
       1.8552297   9.6087882e-22
       1.9270937   1.1228564e-21
       2.0017414   1.3131976e-21
       2.0792807   1.5369586e-21
       2.1598236   1.8001049e-21
       2.2434863   2.1096735e-21
       2.3303898   2.4739690e-21
       2.4206596   2.9027902e-21
       2.5144261   3.4076990e-21
       2.6118247   4.0023388e-21
       2.7129962   4.7028058e-21
       2.8180866   5.5280892e-21
       2.9272477   6.5006024e-21
       3.0406374   7.6467792e-21
       3.1584193   8.9977940e-21
       3.2807635   1.0590419e-20
       3.4078469   1.2468008e-20
       3.5398530   1.4681666e-20
       3.6769725   1.7291611e-20
       3.8194034   2.0368750e-20
       3.9673515   2.3996550e-20
       4.1210305   2.8273214e-20
       4.2806624   3.3314134e-20
       4.4464778   3.9254817e-20
       4.6187162   4.6254191e-20
       4.7976264   5.4498453e-20
       4.9834669   6.4205340e-20
       5.1765061   7.5628996e-20
       5.3770228   8.9065583e-20
       5.5853067   1.0485920e-19
       5.8016587   1.2340868e-19
       6.0263913   1.4517481e-19
       6.2598291   1.7068777e-19
       6.5023094   2.0055451e-19
       6.7541823   2.3546685e-19
       7.0158118   2.7620817e-19
       7.2875757   3.2365951e-19
       7.5698666   3.7880211e-19
       7.8630924   4.4272054e-19
       8.1676765   5.1659470e-19
       8.4840590   6.0169588e-19
       8.8126968   6.9936781e-19
       9.1540647   8.1099887e-19
       9.5086558   9.3799349e-19
       9.8769823   1.0817273e-18
       10.259576   1.2434907e-18
       10.656990   1.4244221e-18
       11.069799   1.6254463e-18
       11.498598   1.8472079e-18
       11.944006   2.0899749e-18
       12.406668   2.3536398e-18
       12.887252   2.6376188e-18
       13.386452   2.9408786e-18
       13.904988   3.2619649e-18
       14.443611   3.5990528e-18
       15.003097   3.9500372e-18
       15.584256   4.3126972e-18
       16.187927   4.6848167e-18
       16.814981   5.0643471e-18
       17.466325   5.4493454e-18
       18.142899   5.8381306e-18
       18.845681   6.2289565e-18
       19.575685   6.6197762e-18
       20.333968   7.0079682e-18
       21.121623   7.3897303e-18
       21.939788   7.7598737e-18
       22.789646   8.1116451e-18
       23.672424   8.4367489e-18
       24.589397   8.7255922e-18
       25.541890   8.9678139e-18
       26.531278   9.1529690e-18
       27.558992   9.2709761e-18
       28.626515   9.3126948e-18
       29.735389   9.2702829e-18
       30.887217   9.1377359e-18
       32.083662   8.9116261e-18
       33.326452   8.5922378e-18
       34.617383   8.1844614e-18
       35.958319   7.6980746e-18
       37.351197   7.1472703e-18
       38.798030   6.5494340e-18
       40.300908   5.9236659e-18
       41.862000   5.2890043e-18
       43.483563   4.6631417e-18
       45.167939   4.0612773e-18
       46.917561   3.4954285e-18
       48.734956   2.9741916e-18
       50.622749   2.5028874e-18
       52.583668   2.0839835e-18
       54.620545   1.7175876e-18
       56.736322   1.4020091e-18
       58.934055   1.1342644e-18
       61.216920   9.1044074e-19
       63.588214   7.2598250e-19
       66.051362   5.7592264e-19
       68.609922   4.5512213e-19
       71.267591   3.5855839e-19
       74.028206   2.8164205e-19
       76.895757   2.2046428e-19
       79.874385   1.7188816e-19
       82.968393   1.3347278e-19
       86.182250   1.0329159e-19
       89.520598   7.9753360e-20
       92.988261   6.1498505e-20
       96.590247   4.7372743e-20
       100.33176   3.6433120e-20
       104.21820   2.7945363e-20
       108.25519   2.1357657e-20
       112.44855   1.6257698e-20
       116.80435   1.2329242e-20
       121.32888   9.3205837e-21
       126.02866   7.0274550e-21
       130.91050   5.2855959e-21
       135.98144   3.9658424e-21
       141.24880   2.9684955e-21
       146.72021   2.2169798e-21
       152.40355   1.6522504e-21
       158.30704   1.2287437e-21
       164.43921   9.1158334e-22
       170.80891   6.7441326e-22
       177.42535   4.9745706e-22
       184.29809   3.6582907e-22
       191.43704   2.6823186e-22
       198.85253   1.9606345e-22
       206.55527   1.4281631e-22
       214.55638   1.0362138e-22
       222.86742   7.4860878e-23
       231.50039   5.3842066e-23
       240.46777   3.8548134e-23
       249.78251   2.7465476e-23
       259.45807   1.9464983e-23
       269.50841   1.3712907e-23
       279.94807   9.5977573e-24
       290.79211   6.6710740e-24
       302.05621   4.6031370e-24
       313.75664   3.1516108e-24
       325.91029   2.1395506e-24
       338.53473   1.4389558e-24
       351.64818   9.5793652e-25
       365.26960   6.3075999e-25
       379.41865   4.1049556e-25
       394.11578   2.6382884e-25
       409.38222   1.6730127e-25
       425.24002   1.0456385e-25
       441.71208   6.4340267e-26
       458.82220   3.8931359e-26
       476.59510   2.3138302e-26
       495.05645   1.3491567e-26
       514.23292   7.7085664e-27
       534.15220   4.3098243e-27
       554.84308   2.3534362e-27
       576.33544   1.2520099e-27
       598.66032   6.4688326e-28
       621.84998   3.2351383e-28
       645.93791   1.5602843e-28
       670.95891   7.2257271e-29
       696.94912   3.1953758e-29
       723.94609   1.3405282e-29
       751.98880   5.2924273e-30
       781.11778   1.9498861e-30
       811.37510   6.6459939e-31
       842.80446   2.0619625e-31
       875.45127   5.8418671e-32
       909.36268   1.4740307e-32
       944.58768   3.2462416e-33
       981.17715       0.0000000
